0 verbose cli /usr/local/bin/node /usr/local/bin/npm
1 info using npm@10.3.0
2 info using node@v21.5.0
3 timing npm:load:whichnode Completed in 1ms
4 timing config:load:defaults Completed in 2ms
5 timing config:load:file:/usr/local/lib/node_modules/npm/npmrc Completed in 1ms
6 timing config:load:builtin Completed in 2ms
7 timing config:load:cli Completed in 2ms
8 timing config:load:env Completed in 1ms
9 timing config:load:file:/var/www/app/front/.npmrc Completed in 0ms
10 timing config:load:project Completed in 3ms
11 timing config:load:file:/root/.npmrc Completed in 1ms
12 timing config:load:user Completed in 1ms
13 timing config:load:file:/usr/local/etc/npmrc Completed in 0ms
14 timing config:load:global Completed in 0ms
15 timing config:load:setEnvs Completed in 1ms
16 timing config:load Completed in 12ms
17 timing npm:load:configload Completed in 12ms
18 timing config:load:flatten Completed in 5ms
19 timing npm:load:mkdirpcache Completed in 0ms
20 timing npm:load:mkdirplogs Completed in 1ms
21 verbose title npm install
22 verbose argv "install"
23 timing npm:load:setTitle Completed in 1ms
24 timing npm:load:display Completed in 1ms
25 verbose logfile logs-max:10 dir:/root/.npm/_logs/2024-01-11T18_10_35_055Z-
26 verbose logfile /root/.npm/_logs/2024-01-11T18_10_35_055Z-debug-0.log
27 timing npm:load:logFile Completed in 90ms
28 timing npm:load:timers Completed in 0ms
29 timing npm:load:configScope Completed in 0ms
30 timing npm:load Completed in 139ms
31 timing arborist:ctor Completed in 2ms
32 silly logfile start cleaning logs, removing 8 files
33 timing idealTree:init Completed in 655ms
34 timing idealTree:userRequests Completed in 0ms
35 silly idealTree buildDeps
36 timing idealTree:#root Completed in 1ms
37 timing idealTree:buildDeps Completed in 2ms
38 timing idealTree:fixDepFlags Completed in 0ms
39 timing idealTree Completed in 669ms
40 verbose shrinkwrap failed to load node_modules/.package-lock.json out of date, updated: node_modules
41 silly logfile done cleaning log files
42 timing reify:loadTrees Completed in 1536ms
43 timing reify:diffTrees Completed in 78ms
44 silly reify mark retired [ '/var/www/app/front/node_modules/__ngcc_entry_points__.json' ]
45 silly reify moves {
45 silly reify   '/var/www/app/front/node_modules/__ngcc_entry_points__.json': '/var/www/app/front/node_modules/.__ngcc_entry_points__.json-E7jH3Iya'
45 silly reify }
46 timing reify:retireShallow Completed in 10ms
47 timing reify:createSparse Completed in 14ms
48 timing reify:loadBundles Completed in 0ms
49 silly audit bulk request {
49 silly audit   '@ampproject/remapping': [ '2.2.0' ],
49 silly audit   '@angular-devkit/architect': [ '0.1303.11' ],
49 silly audit   rxjs: [ '6.6.7', '7.5.7' ],
49 silly audit   tslib: [ '1.14.1', '2.3.1', '2.6.2' ],
49 silly audit   '@angular-devkit/build-angular': [ '13.3.11' ],
49 silly audit   '@angular-devkit/build-webpack': [ '0.1303.11' ],
49 silly audit   '@angular-devkit/core': [ '13.3.11' ],
49 silly audit   '@angular-devkit/schematics': [ '13.3.11' ],
49 silly audit   '@angular/animations': [ '13.3.12' ],
49 silly audit   '@angular/cli': [ '13.3.11' ],
49 silly audit   '@angular/common': [ '13.3.12' ],
49 silly audit   '@angular/compiler': [ '13.3.12' ],
49 silly audit   '@angular/compiler-cli': [ '13.3.12' ],
49 silly audit   '@babel/core': [ '7.23.7', '7.16.12' ],
49 silly audit   'convert-source-map': [ '2.0.0', '1.9.0' ],
49 silly audit   semver: [ '6.3.1', '7.5.4', '5.7.2', '7.3.5' ],
49 silly audit   '@babel/generator': [ '7.23.6', '7.16.8' ],
49 silly audit   '@babel/template': [ '7.22.15', '7.16.7' ],
49 silly audit   '@jridgewell/gen-mapping': [ '0.3.3', '0.1.1' ],
49 silly audit   'magic-string': [ '0.26.7', '0.25.7' ],
49 silly audit   '@angular/core': [ '13.3.12' ],
49 silly audit   '@angular/forms': [ '13.3.12' ],
49 silly audit   '@angular/platform-browser': [ '13.3.12' ],
49 silly audit   '@angular/platform-browser-dynamic': [ '13.3.12' ],
49 silly audit   '@angular/router': [ '13.3.12' ],
49 silly audit   '@assemblyscript/loader': [ '0.10.1' ],
49 silly audit   '@babel/code-frame': [ '7.23.5' ],
49 silly audit   '@babel/compat-data': [ '7.23.5' ],
49 silly audit   'source-map': [ '0.5.7', '0.6.1', '0.7.3' ],
49 silly audit   '@babel/helper-annotate-as-pure': [ '7.16.7', '7.22.5' ],
49 silly audit   '@babel/helper-builder-binary-assignment-operator-visitor': [ '7.22.15' ],
49 silly audit   '@babel/helper-compilation-targets': [ '7.23.6' ],
49 silly audit   '@babel/helper-create-class-features-plugin': [ '7.23.7' ],
49 silly audit   '@babel/helper-create-regexp-features-plugin': [ '7.22.15' ],
49 silly audit   '@babel/helper-define-polyfill-provider': [ '0.3.3' ],
49 silly audit   '@babel/helper-environment-visitor': [ '7.22.20' ],
49 silly audit   '@babel/helper-function-name': [ '7.23.0' ],
49 silly audit   '@babel/helper-hoist-variables': [ '7.22.5' ],
49 silly audit   '@babel/helper-member-expression-to-functions': [ '7.23.0' ],
49 silly audit   '@babel/helper-module-imports': [ '7.22.15' ],
49 silly audit   '@babel/helper-module-transforms': [ '7.23.3' ],
49 silly audit   '@babel/helper-optimise-call-expression': [ '7.22.5' ],
49 silly audit   '@babel/helper-plugin-utils': [ '7.22.5' ],
49 silly audit   '@babel/helper-remap-async-to-generator': [ '7.22.20' ],
49 silly audit   '@babel/helper-replace-supers': [ '7.22.20' ],
49 silly audit   '@babel/helper-simple-access': [ '7.22.5' ],
49 silly audit   '@babel/helper-skip-transparent-expression-wrappers': [ '7.22.5' ],
49 silly audit   '@babel/helper-split-export-declaration': [ '7.22.6' ],
49 silly audit   '@babel/helper-string-parser': [ '7.23.4' ],
49 silly audit   '@babel/helper-validator-identifier': [ '7.22.20' ],
49 silly audit   '@babel/helper-validator-option': [ '7.23.5' ],
49 silly audit   '@babel/helper-wrap-function': [ '7.22.20' ],
49 silly audit   '@babel/helpers': [ '7.23.8' ],
49 silly audit   '@babel/highlight': [ '7.23.4' ],
49 silly audit   '@babel/parser': [ '7.23.6' ],
49 silly audit   '@babel/plugin-bugfix-safari-id-destructuring-collision-in-function-expression': [ '7.23.3' ],
49 silly audit   '@babel/plugin-bugfix-v8-spread-parameters-in-optional-chaining': [ '7.23.3' ],
49 silly audit   '@babel/plugin-proposal-async-generator-functions': [ '7.16.8' ],
49 silly audit   '@babel/plugin-proposal-class-properties': [ '7.18.6' ],
49 silly audit   '@babel/plugin-proposal-class-static-block': [ '7.21.0' ],
49 silly audit   '@babel/plugin-proposal-dynamic-import': [ '7.18.6' ],
49 silly audit   '@babel/plugin-proposal-export-namespace-from': [ '7.18.9' ],
49 silly audit   '@babel/plugin-proposal-json-strings': [ '7.18.6' ],
49 silly audit   '@babel/plugin-proposal-logical-assignment-operators': [ '7.20.7' ],
49 silly audit   '@babel/plugin-proposal-nullish-coalescing-operator': [ '7.18.6' ],
49 silly audit   '@babel/plugin-proposal-numeric-separator': [ '7.18.6' ],
49 silly audit   '@babel/plugin-proposal-object-rest-spread': [ '7.20.7' ],
49 silly audit   '@babel/plugin-proposal-optional-catch-binding': [ '7.18.6' ],
49 silly audit   '@babel/plugin-proposal-optional-chaining': [ '7.21.0' ],
49 silly audit   '@babel/plugin-proposal-private-methods': [ '7.18.6' ],
49 silly audit   '@babel/plugin-proposal-private-property-in-object': [ '7.21.11' ],
49 silly audit   '@babel/plugin-proposal-unicode-property-regex': [ '7.18.6' ],
49 silly audit   '@babel/plugin-syntax-async-generators': [ '7.8.4' ],
49 silly audit   '@babel/plugin-syntax-class-properties': [ '7.12.13' ],
49 silly audit   '@babel/plugin-syntax-class-static-block': [ '7.14.5' ],
49 silly audit   '@babel/plugin-syntax-dynamic-import': [ '7.8.3' ],
49 silly audit   '@babel/plugin-syntax-export-namespace-from': [ '7.8.3' ],
49 silly audit   '@babel/plugin-syntax-json-strings': [ '7.8.3' ],
49 silly audit   '@babel/plugin-syntax-logical-assignment-operators': [ '7.10.4' ],
49 silly audit   '@babel/plugin-syntax-nullish-coalescing-operator': [ '7.8.3' ],
49 silly audit   '@babel/plugin-syntax-numeric-separator': [ '7.10.4' ],
49 silly audit   '@babel/plugin-syntax-object-rest-spread': [ '7.8.3' ],
49 silly audit   '@babel/plugin-syntax-optional-catch-binding': [ '7.8.3' ],
49 silly audit   '@babel/plugin-syntax-optional-chaining': [ '7.8.3' ],
49 silly audit   '@babel/plugin-syntax-private-property-in-object': [ '7.14.5' ],
49 silly audit   '@babel/plugin-syntax-top-level-await': [ '7.14.5' ],
49 silly audit   '@babel/plugin-transform-arrow-functions': [ '7.23.3' ],
49 silly audit   '@babel/plugin-transform-async-to-generator': [ '7.16.8' ],
49 silly audit   '@babel/plugin-transform-block-scoped-functions': [ '7.23.3' ],
49 silly audit   '@babel/plugin-transform-block-scoping': [ '7.23.4' ],
49 silly audit   '@babel/plugin-transform-classes': [ '7.23.8' ],
49 silly audit   '@babel/plugin-transform-computed-properties': [ '7.23.3' ],
49 silly audit   '@babel/plugin-transform-destructuring': [ '7.23.3' ],
49 silly audit   '@babel/plugin-transform-dotall-regex': [ '7.23.3' ],
49 silly audit   '@babel/plugin-transform-duplicate-keys': [ '7.23.3' ],
49 silly audit   '@babel/plugin-transform-exponentiation-operator': [ '7.23.3' ],
49 silly audit   '@babel/plugin-transform-for-of': [ '7.23.6' ],
49 silly audit   '@babel/plugin-transform-function-name': [ '7.23.3' ],
49 silly audit   '@babel/plugin-transform-literals': [ '7.23.3' ],
49 silly audit   '@babel/plugin-transform-member-expression-literals': [ '7.23.3' ],
49 silly audit   '@babel/plugin-transform-modules-amd': [ '7.23.3' ],
49 silly audit   '@babel/plugin-transform-modules-commonjs': [ '7.23.3' ],
49 silly audit   '@babel/plugin-transform-modules-systemjs': [ '7.23.3' ],
49 silly audit   '@babel/plugin-transform-modules-umd': [ '7.23.3' ],
49 silly audit   '@babel/plugin-transform-named-capturing-groups-regex': [ '7.22.5' ],
49 silly audit   '@babel/plugin-transform-new-target': [ '7.23.3' ],
49 silly audit   '@babel/plugin-transform-object-super': [ '7.23.3' ],
49 silly audit   '@babel/plugin-transform-optional-chaining': [ '7.23.4' ],
49 silly audit   '@babel/plugin-transform-parameters': [ '7.23.3' ],
49 silly audit   '@babel/plugin-transform-property-literals': [ '7.23.3' ],
49 silly audit   '@babel/plugin-transform-regenerator': [ '7.23.3' ],
49 silly audit   '@babel/plugin-transform-reserved-words': [ '7.23.3' ],
49 silly audit   '@babel/plugin-transform-runtime': [ '7.16.10' ],
49 silly audit   '@babel/plugin-transform-shorthand-properties': [ '7.23.3' ],
49 silly audit   '@babel/plugin-transform-spread': [ '7.23.3' ],
49 silly audit   '@babel/plugin-transform-sticky-regex': [ '7.23.3' ],
49 silly audit   '@babel/plugin-transform-template-literals': [ '7.23.3' ],
49 silly audit   '@babel/plugin-transform-typeof-symbol': [ '7.23.3' ],
49 silly audit   '@babel/plugin-transform-unicode-escapes': [ '7.23.3' ],
49 silly audit   '@babel/plugin-transform-unicode-regex': [ '7.23.3' ],
49 silly audit   '@babel/preset-env': [ '7.16.11' ],
49 silly audit   '@babel/preset-modules': [ '0.1.6' ],
49 silly audit   '@babel/regjsgen': [ '0.8.0' ],
49 silly audit   '@babel/runtime': [ '7.16.7' ],
49 silly audit   '@babel/traverse': [ '7.23.7' ],
49 silly audit   '@babel/types': [ '7.23.6' ],
49 silly audit   '@colors/colors': [ '1.5.0' ],
49 silly audit   '@csstools/postcss-progressive-custom-properties': [ '1.3.0' ],
49 silly audit   '@csstools/selector-specificity': [ '2.2.0' ],
49 silly audit   '@discoveryjs/json-ext': [ '0.5.6' ],
49 silly audit   '@gar/promisify': [ '1.1.3' ],
49 silly audit   '@istanbuljs/load-nyc-config': [ '1.1.0' ],
49 silly audit   '@istanbuljs/schema': [ '0.1.3' ],
49 silly audit   '@jridgewell/resolve-uri': [ '3.1.1' ],
49 silly audit   '@jridgewell/set-array': [ '1.1.2' ],
49 silly audit   '@jridgewell/source-map': [ '0.3.5' ],
49 silly audit   '@jridgewell/sourcemap-codec': [ '1.4.15' ],
49 silly audit   '@jridgewell/trace-mapping': [ '0.3.20' ],
49 silly audit   '@ngtools/webpack': [ '13.3.11' ],
49 silly audit   '@nodelib/fs.scandir': [ '2.1.5' ],
49 silly audit   '@nodelib/fs.stat': [ '2.0.5' ],
49 silly audit   '@nodelib/fs.walk': [ '1.2.8' ],
49 silly audit   '@npmcli/fs': [ '1.1.1', '2.1.2' ],
49 silly audit   '@npmcli/git': [ '2.1.0' ],
49 silly audit   'lru-cache': [ '6.0.0', '5.1.1', '7.18.3' ],
49 silly audit   which: [ '2.0.2', '1.3.1' ],
49 silly audit   yallist: [ '4.0.0', '3.1.1' ],
49 silly audit   '@npmcli/installed-package-contents': [ '1.0.7' ],
49 silly audit   '@npmcli/move-file': [ '1.1.2', '2.0.1' ],
49 silly audit   '@npmcli/node-gyp': [ '1.0.3' ],
49 silly audit   '@npmcli/promise-spawn': [ '1.3.2' ],
49 silly audit   '@npmcli/run-script': [ '2.0.0' ],
49 silly audit   '@schematics/angular': [ '13.3.11' ],
49 silly audit   '@socket.io/component-emitter': [ '3.1.0' ],
49 silly audit   '@tootallnate/once': [ '1.1.2', '2.0.0' ],
49 silly audit   '@types/body-parser': [ '1.19.5' ],
49 silly audit   '@types/bonjour': [ '3.5.13' ],
49 silly audit   '@types/connect': [ '3.4.38' ],
49 silly audit   '@types/connect-history-api-fallback': [ '1.5.4' ],
49 silly audit   '@types/cookie': [ '0.4.1' ],
49 silly audit   '@types/cors': [ '2.8.17' ],
49 silly audit   '@types/eslint': [ '8.56.2' ],
49 silly audit   '@types/eslint-scope': [ '3.7.7' ],
49 silly audit   '@types/estree': [ '0.0.51' ],
49 silly audit   '@types/express': [ '4.17.21' ],
49 silly audit   '@types/express-serve-static-core': [ '4.17.41' ],
49 silly audit   '@types/http-errors': [ '2.0.4' ],
49 silly audit   '@types/http-proxy': [ '1.17.14' ],
49 silly audit   '@types/jasmine': [ '3.10.18' ],
49 silly audit   '@types/json-schema': [ '7.0.15' ],
49 silly audit   '@types/mime': [ '1.3.5' ],
49 silly audit   '@types/node': [ '12.20.55' ],
49 silly audit   '@types/node-forge': [ '1.3.11' ],
49 silly audit   '@types/parse-json': [ '4.0.2' ],
49 silly audit   '@types/qs': [ '6.9.11' ],
49 silly audit   '@types/range-parser': [ '1.2.7' ],
49 silly audit   '@types/retry': [ '0.12.0' ],
49 silly audit   '@types/send': [ '0.17.4' ],
49 silly audit   '@types/serve-index': [ '1.9.4' ],
49 silly audit   '@types/serve-static': [ '1.15.5' ],
49 silly audit   '@types/sockjs': [ '0.3.36' ],
49 silly audit   '@types/ws': [ '8.5.10' ],
49 silly audit   '@webassemblyjs/ast': [ '1.11.1' ],
49 silly audit   '@webassemblyjs/floating-point-hex-parser': [ '1.11.1' ],
49 silly audit   '@webassemblyjs/helper-api-error': [ '1.11.1' ],
49 silly audit   '@webassemblyjs/helper-buffer': [ '1.11.1' ],
49 silly audit   '@webassemblyjs/helper-numbers': [ '1.11.1' ],
49 silly audit   '@webassemblyjs/helper-wasm-bytecode': [ '1.11.1' ],
49 silly audit   '@webassemblyjs/helper-wasm-section': [ '1.11.1' ],
49 silly audit   '@webassemblyjs/ieee754': [ '1.11.1' ],
49 silly audit   '@webassemblyjs/leb128': [ '1.11.1' ],
49 silly audit   '@webassemblyjs/utf8': [ '1.11.1' ],
49 silly audit   '@webassemblyjs/wasm-edit': [ '1.11.1' ],
49 silly audit   '@webassemblyjs/wasm-gen': [ '1.11.1' ],
49 silly audit   '@webassemblyjs/wasm-opt': [ '1.11.1' ],
49 silly audit   '@webassemblyjs/wasm-parser': [ '1.11.1' ],
49 silly audit   '@webassemblyjs/wast-printer': [ '1.11.1' ],
49 silly audit   '@xtuc/ieee754': [ '1.2.0' ],
49 silly audit   '@xtuc/long': [ '4.2.2' ],
49 silly audit   '@yarnpkg/lockfile': [ '1.1.0' ],
49 silly audit   abab: [ '2.0.6' ],
49 silly audit   abbrev: [ '1.1.1' ],
49 silly audit   accepts: [ '1.3.8' ],
49 silly audit   acorn: [ '8.11.3' ],
49 silly audit   'acorn-import-assertions': [ '1.9.0' ],
49 silly audit   'adjust-sourcemap-loader': [ '4.0.0' ],
49 silly audit   'loader-utils': [ '2.0.4', '3.2.1' ],
49 silly audit   'agent-base': [ '6.0.2' ],
49 silly audit   agentkeepalive: [ '4.5.0' ],
49 silly audit   'aggregate-error': [ '3.1.0' ],
49 silly audit   ajv: [ '8.9.0', '6.12.6' ],
49 silly audit   'ajv-formats': [ '2.1.1' ],
49 silly audit   'ajv-keywords': [ '5.1.0', '3.5.2' ],
49 silly audit   'ansi-colors': [ '4.1.1' ],
49 silly audit   'ansi-escapes': [ '4.3.2' ],
49 silly audit   'ansi-html-community': [ '0.0.8' ],
49 silly audit   'ansi-regex': [ '5.0.1', '6.0.1' ],
49 silly audit   'ansi-styles': [ '3.2.1', '4.3.0' ],
49 silly audit   anymatch: [ '3.1.3' ],
49 silly audit   aproba: [ '2.0.0' ],
49 silly audit   'are-we-there-yet': [ '3.0.1' ],
49 silly audit   argparse: [ '1.0.10' ],
49 silly audit   'array-flatten': [ '2.1.2', '1.1.1' ],
49 silly audit   'array-union': [ '3.0.1', '2.1.0' ],
49 silly audit   async: [ '2.6.4' ],
49 silly audit   atob: [ '2.1.2' ],
49 silly audit   autoprefixer: [ '10.4.16' ],
49 silly audit   'babel-loader': [ '8.2.5' ],
49 silly audit   'babel-plugin-istanbul': [ '6.1.1' ],
49 silly audit   'babel-plugin-polyfill-corejs2': [ '0.3.3' ],
49 silly audit   'babel-plugin-polyfill-corejs3': [ '0.5.3' ],
49 silly audit   'babel-plugin-polyfill-regenerator': [ '0.3.1' ],
49 silly audit   'balanced-match': [ '1.0.2' ],
49 silly audit   'base64-js': [ '1.5.1' ],
49 silly audit   base64id: [ '2.0.0' ],
49 silly audit   batch: [ '0.6.1' ],
49 silly audit   'big.js': [ '5.2.2' ],
49 silly audit   'binary-extensions': [ '2.2.0' ],
49 silly audit   bl: [ '4.1.0' ],
49 silly audit   'body-parser': [ '1.20.2', '1.20.1' ],
49 silly audit   debug: [ '2.6.9', '4.3.3', '4.3.4', '3.2.7' ],
49 silly audit   ms: [ '2.0.0', '2.1.2', '2.1.3' ],
49 silly audit   bonjour: [ '3.5.0' ],
49 silly audit   boolbase: [ '1.0.0' ],
49 silly audit   'brace-expansion': [ '1.1.11', '2.0.1' ],
49 silly audit   braces: [ '3.0.2' ],
49 silly audit   browserslist: [ '4.22.2' ],
49 silly audit   buffer: [ '5.7.1' ],
49 silly audit   'buffer-from': [ '1.1.2' ],
49 silly audit   'buffer-indexof': [ '1.1.1' ],
49 silly audit   builtins: [ '1.0.3' ],
49 silly audit   bytes: [ '3.1.2', '3.0.0' ],
49 silly audit   cacache: [ '15.3.0', '16.1.3' ],
49 silly audit   'call-bind': [ '1.0.5' ],
49 silly audit   callsites: [ '3.1.0' ],
49 silly audit   camelcase: [ '5.3.1' ],
49 silly audit   'caniuse-lite': [ '1.0.30001576' ],
49 silly audit   chalk: [ '2.4.2', '4.1.2' ],
49 silly audit   chardet: [ '0.7.0' ],
49 silly audit   chokidar: [ '3.5.3' ],
49 silly audit   chownr: [ '2.0.0' ],
49 silly audit   'chrome-trace-event': [ '1.0.3' ],
49 silly audit   'circular-dependency-plugin': [ '5.2.2' ],
49 silly audit   'clean-stack': [ '2.2.0' ],
49 silly audit   'cli-cursor': [ '3.1.0' ],
49 silly audit   'cli-spinners': [ '2.9.2' ],
49 silly audit   'cli-width': [ '3.0.0' ],
49 silly audit   cliui: [ '8.0.1', '7.0.4' ],
49 silly audit   clone: [ '1.0.4' ],
49 silly audit   'clone-deep': [ '4.0.1' ],
49 silly audit   'color-convert': [ '1.9.3', '2.0.1' ],
49 silly audit   'color-name': [ '1.1.3', '1.1.4' ],
49 silly audit   'color-support': [ '1.1.3' ],
49 silly audit   colorette: [ '2.0.20' ],
49 silly audit   commander: [ '2.20.3' ],
49 silly audit   commondir: [ '1.0.1' ],
49 silly audit   compressible: [ '2.0.18' ],
49 silly audit   compression: [ '1.7.4' ],
49 silly audit   'safe-buffer': [ '5.1.2', '5.2.1' ],
49 silly audit   'concat-map': [ '0.0.1' ],
49 silly audit   connect: [ '3.7.0' ],
49 silly audit   'connect-history-api-fallback': [ '1.6.0' ],
49 silly audit   'console-control-strings': [ '1.1.0' ],
49 silly audit   'content-disposition': [ '0.5.4' ],
49 silly audit   'content-type': [ '1.0.5' ],
49 silly audit   cookie: [ '0.4.2', '0.5.0' ],
49 silly audit   'cookie-signature': [ '1.0.6' ],
49 silly audit   'copy-anything': [ '2.0.6' ],
49 silly audit   'copy-webpack-plugin': [ '10.2.1' ],
49 silly audit   'glob-parent': [ '6.0.2', '5.1.2' ],
49 silly audit   'schema-utils': [ '4.2.0', '2.7.1', '3.3.0' ],
49 silly audit   'core-js': [ '3.20.3' ],
49 silly audit   'core-js-compat': [ '3.35.0' ],
49 silly audit   'core-util-is': [ '1.0.3' ],
49 silly audit   cors: [ '2.8.5' ],
49 silly audit   cosmiconfig: [ '7.1.0' ],
49 silly audit   critters: [ '0.0.16' ],
49 silly audit   'has-flag': [ '4.0.0', '3.0.0' ],
49 silly audit   'supports-color': [ '7.2.0', '8.1.1', '5.5.0' ],
49 silly audit   'cross-spawn': [ '7.0.3' ],
49 silly audit   css: [ '3.0.0' ],
49 silly audit   'css-blank-pseudo': [ '3.0.3' ],
49 silly audit   'css-has-pseudo': [ '3.0.4' ],
49 silly audit   'css-loader': [ '6.5.1' ],
49 silly audit   'css-prefers-color-scheme': [ '6.0.3' ],
49 silly audit   'css-select': [ '4.3.0' ],
49 silly audit   'css-what': [ '6.1.0' ],
49 silly audit   cssdb: [ '5.1.0' ],
49 silly audit   cssesc: [ '3.0.0' ],
49 silly audit   'custom-event': [ '1.0.1' ],
49 silly audit   'date-format': [ '4.0.14' ],
49 silly audit   'decode-uri-component': [ '0.2.2' ],
49 silly audit   'deep-equal': [ '1.1.2' ],
49 silly audit   'default-gateway': [ '6.0.3' ],
49 silly audit   defaults: [ '1.0.4' ],
49 silly audit   'define-data-property': [ '1.1.1' ],
49 silly audit   'define-lazy-prop': [ '2.0.0' ],
49 silly audit   'define-properties': [ '1.2.1' ],
49 silly audit   del: [ '6.1.1' ],
49 silly audit   globby: [ '11.1.0', '12.2.0' ],
49 silly audit   slash: [ '3.0.0', '4.0.0' ],
49 silly audit   delegates: [ '1.0.0' ],
49 silly audit   depd: [ '2.0.0', '1.1.2' ],
49 silly audit   'dependency-graph': [ '0.11.0' ],
49 silly audit   destroy: [ '1.2.0' ],
49 silly audit   'detect-node': [ '2.1.0' ],
49 silly audit   di: [ '0.0.1' ],
49 silly audit   'dir-glob': [ '3.0.1' ],
49 silly audit   'dns-equal': [ '1.0.0' ],
49 silly audit   'dns-packet': [ '1.3.4' ],
49 silly audit   ip: [ '1.1.8', '2.0.0' ],
49 silly audit   'dns-txt': [ '2.0.2' ],
49 silly audit   'dom-serialize': [ '2.2.1' ],
49 silly audit   'dom-serializer': [ '1.4.1' ],
49 silly audit   domelementtype: [ '2.3.0' ],
49 silly audit   domhandler: [ '4.3.1' ],
49 silly audit   domutils: [ '2.8.0' ],
49 silly audit   'ee-first': [ '1.1.1' ],
49 silly audit   'electron-to-chromium': [ '1.4.628' ],
49 silly audit   'emoji-regex': [ '8.0.0' ],
49 silly audit   'emojis-list': [ '3.0.0' ],
49 silly audit   encodeurl: [ '1.0.2' ],
49 silly audit   encoding: [ '0.1.13' ],
49 silly audit   'iconv-lite': [ '0.6.3', '0.4.24' ],
49 silly audit   'engine.io': [ '6.5.4' ],
49 silly audit   'engine.io-parser': [ '5.2.1' ],
49 silly audit   'enhanced-resolve': [ '5.15.0' ],
49 silly audit   ent: [ '2.2.0' ],
49 silly audit   entities: [ '2.2.0' ],
49 silly audit   'env-paths': [ '2.2.1' ],
49 silly audit   'err-code': [ '2.0.3' ],
49 silly audit   errno: [ '0.1.8' ],
49 silly audit   'error-ex': [ '1.3.2' ],
49 silly audit   'es-module-lexer': [ '0.9.3' ],
49 silly audit   esbuild: [ '0.14.22' ],
49 silly audit   'esbuild-android-arm64': [ '0.14.22' ],
49 silly audit   'esbuild-darwin-64': [ '0.14.22' ],
49 silly audit   'esbuild-darwin-arm64': [ '0.14.22' ],
49 silly audit   'esbuild-freebsd-64': [ '0.14.22' ],
49 silly audit   'esbuild-freebsd-arm64': [ '0.14.22' ],
49 silly audit   'esbuild-linux-32': [ '0.14.22' ],
49 silly audit   'esbuild-linux-64': [ '0.14.22' ],
49 silly audit   'esbuild-linux-arm': [ '0.14.22' ],
49 silly audit   'esbuild-linux-arm64': [ '0.14.22' ],
49 silly audit   'esbuild-linux-mips64le': [ '0.14.22' ],
49 silly audit   'esbuild-linux-ppc64le': [ '0.14.22' ],
49 silly audit   'esbuild-linux-riscv64': [ '0.14.22' ],
49 silly audit   'esbuild-linux-s390x': [ '0.14.22' ],
49 silly audit   'esbuild-netbsd-64': [ '0.14.22' ],
49 silly audit   'esbuild-openbsd-64': [ '0.14.22' ],
49 silly audit   'esbuild-sunos-64': [ '0.14.22' ],
49 silly audit   'esbuild-wasm': [ '0.14.22' ],
49 silly audit   'esbuild-windows-32': [ '0.14.22' ],
49 silly audit   'esbuild-windows-64': [ '0.14.22' ],
49 silly audit   'esbuild-windows-arm64': [ '0.14.22' ],
49 silly audit   escalade: [ '3.1.1' ],
49 silly audit   'escape-html': [ '1.0.3' ],
49 silly audit   'escape-string-regexp': [ '1.0.5' ],
49 silly audit   'eslint-scope': [ '5.1.1' ],
49 silly audit   esprima: [ '4.0.1' ],
49 silly audit   esrecurse: [ '4.3.0' ],
49 silly audit   estraverse: [ '5.3.0', '4.3.0' ],
49 silly audit   esutils: [ '2.0.3' ],
49 silly audit   etag: [ '1.8.1' ],
49 silly audit   'eventemitter-asyncresource': [ '1.0.0' ],
49 silly audit   eventemitter3: [ '4.0.7' ],
49 silly audit   events: [ '3.3.0' ],
49 silly audit   execa: [ '5.1.1' ],
49 silly audit   express: [ '4.18.2' ],
49 silly audit   finalhandler: [ '1.2.0', '1.1.2' ],
49 silly audit   'raw-body': [ '2.5.1', '2.5.2' ],
49 silly audit   statuses: [ '2.0.1', '1.5.0' ],
49 silly audit   extend: [ '3.0.2' ],
49 silly audit   'external-editor': [ '3.1.0' ],
49 silly audit   'fast-deep-equal': [ '3.1.3' ],
49 silly audit   'fast-glob': [ '3.3.2' ],
49 silly audit   'fast-json-stable-stringify': [ '2.1.0' ],
49 silly audit   fastq: [ '1.16.0' ],
49 silly audit   'faye-websocket': [ '0.11.4' ],
49 silly audit   figures: [ '3.2.0' ],
49 silly audit   'fill-range': [ '7.0.1' ],
49 silly audit   'on-finished': [ '2.3.0', '2.4.1' ],
49 silly audit   'find-cache-dir': [ '3.3.2' ],
49 silly audit   'find-up': [ '4.1.0' ],
49 silly audit   flatted: [ '3.2.9' ],
49 silly audit   'follow-redirects': [ '1.15.4' ],
49 silly audit   forwarded: [ '0.2.0' ],
49 silly audit   'fraction.js': [ '4.3.7' ],
49 silly audit   fresh: [ '0.5.2' ],
49 silly audit   'fs-extra': [ '8.1.0' ],
49 silly audit   'fs-minipass': [ '2.1.0' ],
49 silly audit   'fs-monkey': [ '1.0.5' ],
49 silly audit   'fs.realpath': [ '1.0.0' ],
49 silly audit   fsevents: [ '2.3.3' ],
49 silly audit   'function-bind': [ '1.1.2' ],
49 silly audit   'functions-have-names': [ '1.2.3' ],
49 silly audit   gauge: [ '4.0.4' ],
49 silly audit   gensync: [ '1.0.0-beta.2' ],
49 silly audit   'get-caller-file': [ '2.0.5' ],
49 silly audit   'get-intrinsic': [ '1.2.2' ],
49 silly audit   'get-package-type': [ '0.1.0' ],
49 silly audit   'get-stream': [ '6.0.1' ],
49 silly audit   glob: [ '7.2.0', '8.1.0' ],
49 silly audit   'glob-to-regexp': [ '0.4.1' ],
49 silly audit   globals: [ '11.12.0' ],
49 silly audit   gopd: [ '1.0.1' ],
49 silly audit   'graceful-fs': [ '4.2.11' ],
49 silly audit   'handle-thing': [ '2.0.1' ],
49 silly audit   'has-property-descriptors': [ '1.0.1' ],
49 silly audit   'has-proto': [ '1.0.1' ],
49 silly audit   'has-symbols': [ '1.0.3' ],
49 silly audit   'has-tostringtag': [ '1.0.0' ],
49 silly audit   'has-unicode': [ '2.0.1' ],
49 silly audit   hasown: [ '2.0.0' ],
49 silly audit   'hdr-histogram-js': [ '2.0.3' ],
49 silly audit   'hdr-histogram-percentiles-obj': [ '3.0.0' ],
49 silly audit   'hosted-git-info': [ '4.1.0' ],
49 silly audit   'hpack.js': [ '2.1.6' ],
49 silly audit   'readable-stream': [ '2.3.8', '3.6.2' ],
49 silly audit   string_decoder: [ '1.1.1', '1.3.0' ],
49 silly audit   'html-entities': [ '2.4.0' ],
49 silly audit   'html-escaper': [ '2.0.2' ],
49 silly audit   'http-cache-semantics': [ '4.1.1' ],
49 silly audit   'http-deceiver': [ '1.2.7' ],
49 silly audit   'http-errors': [ '2.0.0', '1.6.3' ],
49 silly audit   'http-parser-js': [ '0.5.8' ],
49 silly audit   'http-proxy': [ '1.18.1' ],
49 silly audit   'http-proxy-agent': [ '4.0.1', '5.0.0' ],
49 silly audit   'http-proxy-middleware': [ '2.0.6' ],
49 silly audit   'https-proxy-agent': [ '5.0.0' ],
49 silly audit   'human-signals': [ '2.1.0' ],
49 silly audit   'humanize-ms': [ '1.2.1' ],
49 silly audit   'icss-utils': [ '5.1.0' ],
49 silly audit   ieee754: [ '1.2.1' ],
49 silly audit   ignore: [ '5.3.0' ],
49 silly audit   'ignore-walk': [ '4.0.1' ],
49 silly audit   'image-size': [ '0.5.5' ],
49 silly audit   immutable: [ '4.3.4' ],
49 silly audit   'import-fresh': [ '3.3.0' ],
49 silly audit   'resolve-from': [ '4.0.0', '5.0.0' ],
49 silly audit   imurmurhash: [ '0.1.4' ],
49 silly audit   'indent-string': [ '4.0.0' ],
49 silly audit   'infer-owner': [ '1.0.4' ],
49 silly audit   inflight: [ '1.0.6' ],
49 silly audit   inherits: [ '2.0.4', '2.0.3' ],
49 silly audit   ini: [ '2.0.0' ],
49 silly audit   inquirer: [ '8.2.0' ],
49 silly audit   'ipaddr.js': [ '2.1.0', '1.9.1' ],
49 silly audit   'is-arguments': [ '1.1.1' ],
49 silly audit   'is-arrayish': [ '0.2.1' ],
49 silly audit   'is-binary-path': [ '2.1.0' ],
49 silly audit   'is-core-module': [ '2.13.1' ],
49 silly audit   'is-date-object': [ '1.0.5' ],
49 silly audit   'is-docker': [ '2.2.1' ],
49 silly audit   'is-extglob': [ '2.1.1' ],
49 silly audit   'is-fullwidth-code-point': [ '3.0.0' ],
49 silly audit   'is-glob': [ '4.0.3' ],
49 silly audit   'is-interactive': [ '1.0.0' ],
49 silly audit   'is-lambda': [ '1.0.1' ],
49 silly audit   'is-number': [ '7.0.0' ],
49 silly audit   'is-path-cwd': [ '2.2.0' ],
49 silly audit   'is-path-inside': [ '3.0.3' ],
49 silly audit   'is-plain-obj': [ '3.0.0' ],
49 silly audit   'is-plain-object': [ '2.0.4' ],
49 silly audit   'is-regex': [ '1.1.4' ],
49 silly audit   'is-stream': [ '2.0.1' ],
49 silly audit   'is-unicode-supported': [ '0.1.0' ],
49 silly audit   'is-what': [ '3.14.1' ],
49 silly audit   'is-wsl': [ '2.2.0' ],
49 silly audit   isarray: [ '1.0.0' ],
49 silly audit   isbinaryfile: [ '4.0.10' ],
49 silly audit   isexe: [ '2.0.0' ],
49 silly audit   isobject: [ '3.0.1' ],
49 silly audit   'istanbul-lib-coverage': [ '3.2.2' ],
49 silly audit   'istanbul-lib-instrument': [ '5.2.1', '4.0.3' ],
49 silly audit   'istanbul-lib-report': [ '3.0.1' ],
49 silly audit   'make-dir': [ '4.0.0', '2.1.0', '3.1.0' ],
49 silly audit   'istanbul-lib-source-maps': [ '4.0.1' ],
49 silly audit   'istanbul-reports': [ '3.1.6' ],
49 silly audit   'jasmine-core': [ '4.0.1', '3.99.1' ],
49 silly audit   'jest-worker': [ '27.5.1' ],
49 silly audit   'js-tokens': [ '4.0.0' ],
49 silly audit   'js-yaml': [ '3.14.1' ],
49 silly audit   jsesc: [ '2.5.2', '0.5.0' ],
49 silly audit   'json-parse-even-better-errors': [ '2.3.1' ],
49 silly audit   'json-schema-traverse': [ '1.0.0', '0.4.1' ],
49 silly audit   json5: [ '2.2.3' ],
49 silly audit   'jsonc-parser': [ '3.0.0' ],
49 silly audit   jsonfile: [ '4.0.0' ],
49 silly audit   jsonparse: [ '1.3.1' ],
49 silly audit   karma: [ '6.3.20' ],
49 silly audit   'karma-chrome-launcher': [ '3.1.1' ],
49 silly audit   'karma-coverage': [ '2.1.1' ],
49 silly audit   'karma-jasmine': [ '4.0.2' ],
49 silly audit   'karma-jasmine-html-reporter': [ '1.7.0' ],
49 silly audit   'karma-source-map-support': [ '1.4.0' ],
49 silly audit   mkdirp: [ '0.5.6', '1.0.4' ],
49 silly audit   tmp: [ '0.2.1', '0.0.33' ],
49 silly audit   yargs: [ '16.2.0', '17.7.2' ],
49 silly audit   'yargs-parser': [ '20.2.9', '21.1.1' ],
49 silly audit   'kind-of': [ '6.0.3' ],
49 silly audit   klona: [ '2.0.6' ],
49 silly audit   less: [ '4.1.2' ],
49 silly audit   'less-loader': [ '10.2.0' ],
49 silly audit   mime: [ '1.6.0', '2.6.0' ],
49 silly audit   pify: [ '4.0.1', '2.3.0' ],
49 silly audit   'license-webpack-plugin': [ '4.0.2' ],
49 silly audit   'lines-and-columns': [ '1.2.4' ],
49 silly audit   'loader-runner': [ '4.3.0' ],
49 silly audit   'locate-path': [ '5.0.0' ],
49 silly audit   lodash: [ '4.17.21' ],
49 silly audit   'lodash.debounce': [ '4.0.8' ],
49 silly audit   'log-symbols': [ '4.1.0' ],
49 silly audit   log4js: [ '6.9.1' ],
49 silly audit   'make-fetch-happen': [ '9.1.0', '10.2.1' ],
49 silly audit   'media-typer': [ '0.3.0' ],
49 silly audit   memfs: [ '3.5.3' ],
49 silly audit   'merge-descriptors': [ '1.0.1' ],
49 silly audit   'merge-stream': [ '2.0.0' ],
49 silly audit   merge2: [ '1.4.1' ],
49 silly audit   methods: [ '1.1.2' ],
49 silly audit   micromatch: [ '4.0.5' ],
49 silly audit   'mime-db': [ '1.52.0' ],
49 silly audit   'mime-types': [ '2.1.35' ],
49 silly audit   'mimic-fn': [ '2.1.0' ],
49 silly audit   'mini-css-extract-plugin': [ '2.5.3' ],
49 silly audit   'minimalistic-assert': [ '1.0.1' ],
49 silly audit   minimatch: [ '3.0.5', '5.1.6' ],
49 silly audit   minimist: [ '1.2.8' ],
49 silly audit   minipass: [ '3.3.6', '5.0.0' ],
49 silly audit   'minipass-collect': [ '1.0.2' ],
49 silly audit   'minipass-fetch': [ '1.4.1', '2.1.2' ],
49 silly audit   'minipass-flush': [ '1.0.5' ],
49 silly audit   'minipass-json-stream': [ '1.0.1' ],
49 silly audit   'minipass-pipeline': [ '1.2.4' ],
49 silly audit   'minipass-sized': [ '1.0.3' ],
49 silly audit   minizlib: [ '2.1.2' ],
49 silly audit   'multicast-dns': [ '6.2.3' ],
49 silly audit   'multicast-dns-service-types': [ '1.1.0' ],
49 silly audit   'mute-stream': [ '0.0.8' ],
49 silly audit   nanoid: [ '3.3.7' ],
49 silly audit   needle: [ '2.9.1' ],
49 silly audit   negotiator: [ '0.6.3' ],
49 silly audit   'neo-async': [ '2.6.2' ],
49 silly audit   'nice-napi': [ '1.0.2' ],
49 silly audit   'node-addon-api': [ '3.2.1' ],
49 silly audit   'node-forge': [ '1.3.1' ],
49 silly audit   'node-gyp': [ '8.4.1' ],
49 silly audit   'node-gyp-build': [ '4.8.0' ],
49 silly audit   'node-releases': [ '2.0.14' ],
49 silly audit   nopt: [ '5.0.0' ],
49 silly audit   'normalize-path': [ '3.0.0' ],
49 silly audit   'normalize-range': [ '0.1.2' ],
49 silly audit   'npm-bundled': [ '1.1.2' ],
49 silly audit   'npm-install-checks': [ '4.0.0' ],
49 silly audit   'npm-normalize-package-bin': [ '1.0.1' ],
49 silly audit   'npm-package-arg': [ '8.1.5' ],
49 silly audit   'npm-packlist': [ '3.0.0' ],
49 silly audit   'npm-pick-manifest': [ '6.1.1' ],
49 silly audit   'npm-registry-fetch': [ '12.0.2' ],
49 silly audit   'socks-proxy-agent': [ '7.0.0', '6.2.1' ],
49 silly audit   ssri: [ '9.0.1', '8.0.1' ],
49 silly audit   'unique-filename': [ '2.0.1', '1.1.1' ],
49 silly audit   'unique-slug': [ '3.0.0', '2.0.2' ],
49 silly audit   'npm-run-path': [ '4.0.1' ],
49 silly audit   npmlog: [ '6.0.2' ],
49 silly audit   'nth-check': [ '2.1.1' ],
49 silly audit   'object-assign': [ '4.1.1' ],
49 silly audit   'object-inspect': [ '1.13.1' ],
49 silly audit   'object-is': [ '1.1.5' ],
49 silly audit   'object-keys': [ '1.1.1' ],
49 silly audit   obuf: [ '1.1.2' ],
49 silly audit   'on-headers': [ '1.0.2' ],
49 silly audit   once: [ '1.4.0' ],
49 silly audit   onetime: [ '5.1.2' ],
49 silly audit   open: [ '8.4.0' ],
49 silly audit   ora: [ '5.4.1' ],
49 silly audit   'os-tmpdir': [ '1.0.2' ],
49 silly audit   'p-limit': [ '2.3.0' ],
49 silly audit   'p-locate': [ '4.1.0' ],
49 silly audit   'p-map': [ '4.0.0' ],
49 silly audit   'p-retry': [ '4.6.2' ],
49 silly audit   retry: [ '0.13.1', '0.12.0' ],
49 silly audit   'p-try': [ '2.2.0' ],
49 silly audit   pacote: [ '12.0.3' ],
49 silly audit   pako: [ '1.0.11' ],
49 silly audit   'parent-module': [ '1.0.1' ],
49 silly audit   'parse-json': [ '5.2.0' ],
49 silly audit   'parse-node-version': [ '1.0.1' ],
49 silly audit   parse5: [ '6.0.1' ],
49 silly audit   'parse5-html-rewriting-stream': [ '6.0.1' ],
49 silly audit   'parse5-htmlparser2-tree-adapter': [ '6.0.1' ],
49 silly audit   'parse5-sax-parser': [ '6.0.1' ],
49 silly audit   parseurl: [ '1.3.3' ],
49 silly audit   'path-exists': [ '4.0.0' ],
49 silly audit   'path-is-absolute': [ '1.0.1' ],
49 silly audit   'path-key': [ '3.1.1' ],
49 silly audit   'path-parse': [ '1.0.7' ],
49 silly audit   'path-to-regexp': [ '0.1.7' ],
49 silly audit   'path-type': [ '4.0.0' ],
49 silly audit   picocolors: [ '1.0.0' ],
49 silly audit   picomatch: [ '2.3.1' ],
49 silly audit   piscina: [ '3.2.0' ],
49 silly audit   'pkg-dir': [ '4.2.0' ],
49 silly audit   portfinder: [ '1.0.32' ],
49 silly audit   postcss: [ '8.4.5' ],
49 silly audit   'postcss-attribute-case-insensitive': [ '5.0.2' ],
49 silly audit   'postcss-color-functional-notation': [ '4.2.4' ],
49 silly audit   'postcss-color-hex-alpha': [ '8.0.4' ],
49 silly audit   'postcss-color-rebeccapurple': [ '7.1.1' ],
49 silly audit   'postcss-custom-media': [ '8.0.2' ],
49 silly audit   'postcss-custom-properties': [ '12.1.11' ],
49 silly audit   'postcss-custom-selectors': [ '6.0.3' ],
49 silly audit   'postcss-dir-pseudo-class': [ '6.0.5' ],
49 silly audit   'postcss-double-position-gradients': [ '3.1.2' ],
49 silly audit   'postcss-env-function': [ '4.0.6' ],
49 silly audit   'postcss-focus-visible': [ '6.0.4' ],
49 silly audit   'postcss-focus-within': [ '5.0.4' ],
49 silly audit   'postcss-font-variant': [ '5.0.0' ],
49 silly audit   'postcss-gap-properties': [ '3.0.5' ],
49 silly audit   'postcss-image-set-function': [ '4.0.7' ],
49 silly audit   'postcss-import': [ '14.0.2' ],
49 silly audit   'postcss-initial': [ '4.0.1' ],
49 silly audit   'postcss-lab-function': [ '4.2.1' ],
49 silly audit   'postcss-loader': [ '6.2.1' ],
49 silly audit   'postcss-logical': [ '5.0.4' ],
49 silly audit   'postcss-media-minmax': [ '5.0.0' ],
49 silly audit   'postcss-modules-extract-imports': [ '3.0.0' ],
49 silly audit   'postcss-modules-local-by-default': [ '4.0.3' ],
49 silly audit   'postcss-modules-scope': [ '3.1.0' ],
49 silly audit   'postcss-modules-values': [ '4.0.0' ],
49 silly audit   'postcss-nesting': [ '10.2.0' ],
49 silly audit   'postcss-overflow-shorthand': [ '3.0.4' ],
49 silly audit   'postcss-page-break': [ '3.0.4' ],
49 silly audit   'postcss-place': [ '7.0.5' ],
49 silly audit   'postcss-preset-env': [ '7.2.3' ],
49 silly audit   'postcss-pseudo-class-any-link': [ '7.1.6' ],
49 silly audit   'postcss-replace-overflow-wrap': [ '4.0.0' ],
49 silly audit   'postcss-selector-not': [ '5.0.0' ],
49 silly audit   'postcss-selector-parser': [ '6.0.15' ],
49 silly audit   'postcss-value-parser': [ '4.2.0' ],
49 silly audit   'pretty-bytes': [ '5.6.0' ],
49 silly audit   'process-nextick-args': [ '2.0.1' ],
49 silly audit   'promise-inflight': [ '1.0.1' ],
49 silly audit   'promise-retry': [ '2.0.1' ],
49 silly audit   'proxy-addr': [ '2.0.7' ],
49 silly audit   prr: [ '1.0.1' ],
49 silly audit   punycode: [ '2.3.1' ],
49 silly audit   qjobs: [ '1.2.0' ],
49 silly audit   qs: [ '6.11.0' ],
49 silly audit   'queue-microtask': [ '1.2.3' ],
49 silly audit   randombytes: [ '2.1.0' ],
49 silly audit   'range-parser': [ '1.2.1' ],
49 silly audit   'read-cache': [ '1.0.0' ],
49 silly audit   'read-package-json-fast': [ '2.0.3' ],
49 silly audit   readdirp: [ '3.6.0' ],
49 silly audit   'reflect-metadata': [ '0.1.14' ],
49 silly audit   regenerate: [ '1.4.2' ],
49 silly audit   'regenerate-unicode-properties': [ '10.1.1' ],
49 silly audit   'regenerator-runtime': [ '0.13.9' ],
49 silly audit   'regenerator-transform': [ '0.15.2' ],
49 silly audit   'regex-parser': [ '2.3.0' ],
49 silly audit   'regexp.prototype.flags': [ '1.5.1' ],
49 silly audit   'regexpu-core': [ '5.3.2' ],
49 silly audit   regjsparser: [ '0.9.1' ],
49 silly audit   'require-directory': [ '2.1.1' ],
49 silly audit   'require-from-string': [ '2.0.2' ],
49 silly audit   'requires-port': [ '1.0.0' ],
49 silly audit   resolve: [ '1.22.0' ],
49 silly audit   'resolve-url-loader': [ '5.0.0' ],
49 silly audit   'restore-cursor': [ '3.1.0' ],
49 silly audit   reusify: [ '1.0.4' ],
49 silly audit   rfdc: [ '1.3.0' ],
49 silly audit   rimraf: [ '3.0.2' ],
49 silly audit   'run-async': [ '2.4.1' ],
49 silly audit   'run-parallel': [ '1.2.0' ],
49 silly audit   'safer-buffer': [ '2.1.2' ],
49 silly audit   sass: [ '1.49.9' ],
49 silly audit   'sass-loader': [ '12.4.0' ],
49 silly audit   sax: [ '1.3.0', '1.2.4' ],
49 silly audit   'select-hose': [ '2.0.0' ],
49 silly audit   selfsigned: [ '2.4.1' ],
49 silly audit   send: [ '0.18.0' ],
49 silly audit   'serialize-javascript': [ '6.0.2' ],
49 silly audit   'serve-index': [ '1.9.1' ],
49 silly audit   setprototypeof: [ '1.1.0', '1.2.0' ],
49 silly audit   'serve-static': [ '1.15.0' ],
49 silly audit   'set-blocking': [ '2.0.0' ],
49 silly audit   'set-function-length': [ '1.1.1' ],
49 silly audit   'set-function-name': [ '2.0.1' ],
49 silly audit   'shallow-clone': [ '3.0.1' ],
49 silly audit   'shebang-command': [ '2.0.0' ],
49 silly audit   'shebang-regex': [ '3.0.0' ],
49 silly audit   'side-channel': [ '1.0.4' ],
49 silly audit   'signal-exit': [ '3.0.7' ],
49 silly audit   'smart-buffer': [ '4.2.0' ],
49 silly audit   'socket.io': [ '4.7.3' ],
49 silly audit   'socket.io-adapter': [ '2.5.2' ],
49 silly audit   'socket.io-parser': [ '4.2.4' ],
49 silly audit   sockjs: [ '0.3.24' ],
49 silly audit   socks: [ '2.7.1' ],
49 silly audit   'source-map-js': [ '1.0.2' ],
49 silly audit   'source-map-loader': [ '3.0.1' ],
49 silly audit   'source-map-resolve': [ '0.6.0' ],
49 silly audit   'source-map-support': [ '0.5.21' ],
49 silly audit   'sourcemap-codec': [ '1.4.8' ],
49 silly audit   spdy: [ '4.0.2' ],
49 silly audit   'spdy-transport': [ '3.0.0' ],
49 silly audit   'sprintf-js': [ '1.0.3' ],
49 silly audit   streamroller: [ '3.1.5' ],
49 silly audit   'string-width': [ '4.2.3' ],
49 silly audit   'strip-ansi': [ '6.0.1', '7.1.0' ],
49 silly audit   'strip-final-newline': [ '2.0.0' ],
49 silly audit   stylus: [ '0.56.0' ],
49 silly audit   'stylus-loader': [ '6.2.0' ],
49 silly audit   'supports-preserve-symlinks-flag': [ '1.0.0' ],
49 silly audit   'symbol-observable': [ '4.0.0' ],
49 silly audit   tapable: [ '2.2.1' ],
49 silly audit   tar: [ '6.2.0' ],
49 silly audit   terser: [ '5.14.2', '5.26.0' ],
49 silly audit   'terser-webpack-plugin': [ '5.3.10' ],
49 silly audit   'test-exclude': [ '6.0.0' ],
49 silly audit   'text-table': [ '0.2.0' ],
49 silly audit   through: [ '2.3.8' ],
49 silly audit   thunky: [ '1.1.0' ],
49 silly audit   'to-fast-properties': [ '2.0.0' ],
49 silly audit   'to-regex-range': [ '5.0.1' ],
49 silly audit   toidentifier: [ '1.0.1' ],
49 silly audit   'tree-kill': [ '1.2.2' ],
49 silly audit   'type-fest': [ '0.21.3' ],
49 silly audit   'type-is': [ '1.6.18' ],
49 silly audit   'typed-assert': [ '1.0.9' ],
49 silly audit   typescript: [ '4.6.4' ],
49 silly audit   'ua-parser-js': [ '0.7.37' ],
49 silly audit   'unicode-canonical-property-names-ecmascript': [ '2.0.0' ],
49 silly audit   'unicode-match-property-ecmascript': [ '2.0.0' ],
49 silly audit   'unicode-match-property-value-ecmascript': [ '2.1.0' ],
49 silly audit   'unicode-property-aliases-ecmascript': [ '2.1.0' ],
49 silly audit   universalify: [ '0.1.2' ],
49 silly audit   unpipe: [ '1.0.0' ],
49 silly audit   'update-browserslist-db': [ '1.0.13' ],
49 silly audit   'uri-js': [ '4.4.1' ],
49 silly audit   'util-deprecate': [ '1.0.2' ],
49 silly audit   'utils-merge': [ '1.0.1' ],
49 silly audit   uuid: [ '8.3.2' ],
49 silly audit   'validate-npm-package-name': [ '3.0.0' ],
49 silly audit   vary: [ '1.1.2' ],
49 silly audit   'void-elements': [ '2.0.1' ],
49 silly audit   watchpack: [ '2.4.0' ],
49 silly audit   wbuf: [ '1.7.3' ],
49 silly audit   wcwidth: [ '1.0.1' ],
49 silly audit   webpack: [ '5.76.1' ],
49 silly audit   'webpack-dev-middleware': [ '5.3.0' ],
49 silly audit   'webpack-dev-server': [ '4.7.3' ],
49 silly audit   'webpack-merge': [ '5.8.0' ],
49 silly audit   'webpack-sources': [ '3.2.3' ],
49 silly audit   'webpack-subresource-integrity': [ '5.1.0' ],
49 silly audit   'websocket-driver': [ '0.7.4' ],
49 silly audit   'websocket-extensions': [ '0.1.4' ],
49 silly audit   'wide-align': [ '1.1.5' ],
49 silly audit   wildcard: [ '2.0.1' ],
49 silly audit   'wrap-ansi': [ '7.0.0' ],
49 silly audit   wrappy: [ '1.0.2' ],
49 silly audit   ws: [ '8.11.0' ],
49 silly audit   y18n: [ '5.0.8' ],
49 silly audit   yaml: [ '1.10.2' ],
49 silly audit   'zone.js': [ '0.11.8' ]
49 silly audit }
50 verbose reify failed optional dependency /var/www/app/front/node_modules/esbuild-windows-arm64
51 silly reify mark deleted [ '/var/www/app/front/node_modules/esbuild-windows-arm64' ]
52 verbose reify failed optional dependency /var/www/app/front/node_modules/esbuild-windows-64
53 silly reify mark deleted [ '/var/www/app/front/node_modules/esbuild-windows-64' ]
54 verbose reify failed optional dependency /var/www/app/front/node_modules/esbuild-windows-32
55 silly reify mark deleted [ '/var/www/app/front/node_modules/esbuild-windows-32' ]
56 verbose reify failed optional dependency /var/www/app/front/node_modules/esbuild-sunos-64
57 silly reify mark deleted [ '/var/www/app/front/node_modules/esbuild-sunos-64' ]
58 verbose reify failed optional dependency /var/www/app/front/node_modules/esbuild-openbsd-64
59 silly reify mark deleted [ '/var/www/app/front/node_modules/esbuild-openbsd-64' ]
60 verbose reify failed optional dependency /var/www/app/front/node_modules/esbuild-netbsd-64
61 silly reify mark deleted [ '/var/www/app/front/node_modules/esbuild-netbsd-64' ]
62 verbose reify failed optional dependency /var/www/app/front/node_modules/esbuild-linux-s390x
63 silly reify mark deleted [ '/var/www/app/front/node_modules/esbuild-linux-s390x' ]
64 verbose reify failed optional dependency /var/www/app/front/node_modules/esbuild-linux-riscv64
65 silly reify mark deleted [ '/var/www/app/front/node_modules/esbuild-linux-riscv64' ]
66 verbose reify failed optional dependency /var/www/app/front/node_modules/esbuild-linux-ppc64le
67 silly reify mark deleted [ '/var/www/app/front/node_modules/esbuild-linux-ppc64le' ]
68 verbose reify failed optional dependency /var/www/app/front/node_modules/esbuild-linux-mips64le
69 silly reify mark deleted [ '/var/www/app/front/node_modules/esbuild-linux-mips64le' ]
70 verbose reify failed optional dependency /var/www/app/front/node_modules/esbuild-linux-arm64
71 silly reify mark deleted [ '/var/www/app/front/node_modules/esbuild-linux-arm64' ]
72 verbose reify failed optional dependency /var/www/app/front/node_modules/esbuild-linux-arm
73 silly reify mark deleted [ '/var/www/app/front/node_modules/esbuild-linux-arm' ]
74 verbose reify failed optional dependency /var/www/app/front/node_modules/esbuild-linux-32
75 silly reify mark deleted [ '/var/www/app/front/node_modules/esbuild-linux-32' ]
76 verbose reify failed optional dependency /var/www/app/front/node_modules/esbuild-freebsd-arm64
77 silly reify mark deleted [ '/var/www/app/front/node_modules/esbuild-freebsd-arm64' ]
78 verbose reify failed optional dependency /var/www/app/front/node_modules/esbuild-freebsd-64
79 silly reify mark deleted [ '/var/www/app/front/node_modules/esbuild-freebsd-64' ]
80 verbose reify failed optional dependency /var/www/app/front/node_modules/esbuild-darwin-arm64
81 silly reify mark deleted [ '/var/www/app/front/node_modules/esbuild-darwin-arm64' ]
82 verbose reify failed optional dependency /var/www/app/front/node_modules/esbuild-android-arm64
83 silly reify mark deleted [ '/var/www/app/front/node_modules/esbuild-android-arm64' ]
84 timing reifyNode:node_modules/esbuild-windows-arm64 Completed in 85ms
85 timing reifyNode:node_modules/esbuild-windows-64 Completed in 85ms
86 timing reifyNode:node_modules/esbuild-windows-32 Completed in 85ms
87 timing reifyNode:node_modules/esbuild-sunos-64 Completed in 85ms
88 timing reifyNode:node_modules/esbuild-openbsd-64 Completed in 86ms
89 timing reifyNode:node_modules/esbuild-netbsd-64 Completed in 85ms
90 timing reifyNode:node_modules/esbuild-linux-s390x Completed in 85ms
91 timing reifyNode:node_modules/esbuild-linux-riscv64 Completed in 86ms
92 timing reifyNode:node_modules/esbuild-linux-ppc64le Completed in 86ms
93 timing reifyNode:node_modules/esbuild-linux-mips64le Completed in 86ms
94 timing reifyNode:node_modules/esbuild-linux-arm64 Completed in 87ms
95 timing reifyNode:node_modules/esbuild-linux-arm Completed in 87ms
96 timing reifyNode:node_modules/esbuild-linux-32 Completed in 86ms
97 timing reifyNode:node_modules/esbuild-freebsd-arm64 Completed in 86ms
98 timing reifyNode:node_modules/esbuild-freebsd-64 Completed in 87ms
99 timing reifyNode:node_modules/esbuild-darwin-arm64 Completed in 87ms
100 timing reifyNode:node_modules/esbuild-android-arm64 Completed in 87ms
101 timing reifyNode:node_modules/esbuild-linux-64 Completed in 482ms
102 timing reify:unpack Completed in 486ms
103 timing reify:unretire Completed in 0ms
104 timing build:queue Completed in 2ms
105 timing build:deps Completed in 3ms
106 timing build Completed in 4ms
107 timing reify:build Completed in 5ms
108 timing reify:trash Completed in 10ms
109 http fetch POST 200 https://registry.npmjs.org/-/npm/v1/security/advisories/bulk 924ms
110 timing auditReport:getReport Completed in 946ms
111 silly audit report {
111 silly audit report   semver: [
111 silly audit report     {
111 silly audit report       id: 1095367,
111 silly audit report       url: 'https://github.com/advisories/GHSA-c2qf-rxjj-qqgw',
111 silly audit report       title: 'semver vulnerable to Regular Expression Denial of Service',
111 silly audit report       severity: 'moderate',
111 silly audit report       vulnerable_versions: '>=7.0.0 <7.5.2',
111 silly audit report       cwe: [Array],
111 silly audit report       cvss: [Object]
111 silly audit report     }
111 silly audit report   ],
111 silly audit report   postcss: [
111 silly audit report     {
111 silly audit report       id: 1094544,
111 silly audit report       url: 'https://github.com/advisories/GHSA-7fh5-64p2-3v2j',
111 silly audit report       title: 'PostCSS line return parsing error',
111 silly audit report       severity: 'moderate',
111 silly audit report       vulnerable_versions: '<8.4.31',
111 silly audit report       cwe: [Array],
111 silly audit report       cvss: [Object]
111 silly audit report     }
111 silly audit report   ]
111 silly audit report }
112 timing reify:save Completed in 421ms
113 timing metavuln:cache:get:security-advisory:semver:leVLOBH6L7kijYa3ZPoQW9c9DpHJTQ4x06h9XnsNdXXFEYuoiAk7QDdx6msC9K+vk8daIqdrHHiDZzPezh3uNg== Completed in 207ms
114 timing metavuln:cache:get:security-advisory:postcss:ylHlqxOD5gx7vcQurwTZyQHJsodRCM2yV95izcDPSahj+DDa6IEdlDh7BWAlf7fDDEd+NyVQHm50pHmcApHI4w== Completed in 206ms
115 http fetch GET 200 https://registry.npmjs.org/postcss 277ms (cache revalidated)
116 timing metavuln:packument:postcss Completed in 282ms
117 timing metavuln:load:security-advisory:postcss:1094544 Completed in 2ms
118 timing metavuln:calculate:security-advisory:postcss:1094544 Completed in 285ms
119 http fetch GET 200 https://registry.npmjs.org/semver 390ms (cache revalidated)
120 timing metavuln:packument:semver Completed in 392ms
121 timing metavuln:load:security-advisory:semver:1095367 Completed in 0ms
122 timing metavuln:calculate:security-advisory:semver:1095367 Completed in 395ms
123 timing metavuln:cache:get:security-advisory:@angular/cli:niX1mnGi0uBztPKrf61fQ/xLVb0E3l5MXaejsG5W1ZSzx+fB8yaXCQZlTDMxVD7h8swLjUpSr8YZwlYlxNZ8Aw== Completed in 29ms
124 timing metavuln:cache:get:security-advisory:@angular-devkit/build-angular:vvSwdAT4vMT0pKNURo0n620aTcn7a89JnEj3gBfuCbSgsGyshwIO4XRaSEuaD2YMKKNDkyooRu0f4RNr7pu7ow== Completed in 31ms
125 timing metavuln:cache:get:security-advisory:@npmcli/git:dVmFGDNI5v704GChSnU9e1YFYWbfPA9HH6tfV/c3iK1/tNRGuLd4CpM4wJi5GgvqrhLXKvoSOBsaKWc309Wklg== Completed in 28ms
126 timing metavuln:cache:get:security-advisory:css-loader:l2IlDSWigAMmKD8sTBXeY8G+f5n9HWjrdz2XUjcraBYlCvIsVZLjpbOy5TlT3F+MMqspANaa7fOcX9py8iFYcQ== Completed in 28ms
127 timing metavuln:cache:get:security-advisory:@angular/compiler-cli:uh9f+DTRe7vTYRYfdO9GE/b8nhCa8MEE1rqLc0Dx2hdykUR/km+rfiGbBALbulxj15SKqw+ds0u75zOvSy1K7Q== Completed in 32ms
128 timing metavuln:cache:get:security-advisory:@npmcli/fs:GXb84u3LiksugvxdgySWodICp78+j9yOYD5jP8I8/O5NgCXKSoOU6zN6uQBC8R8feTlx3Xjb4Bf4yrRWC8h0QA== Completed in 33ms
129 timing metavuln:cache:get:security-advisory:npm-package-arg:mhOKfEZOSB7Dq7cIbjx56z7GJ3puK5SmV9r1PgAyuuY4pZkOLtXhLeb9OtTkPcWZGN8ikYUSHl/mhK6+KeC8yw== Completed in 29ms
130 timing metavuln:cache:get:security-advisory:npm-install-checks:XecYT7Ai4ZPgI2XQWFQsCUBOtOrCKwCSEeTJAQvZIJfc8oXAqhdNlQr33guqBrKnha5i6xRWqTZQHlR3Tty29Q== Completed in 31ms
131 timing metavuln:cache:get:security-advisory:node-gyp:erVOfP50/0qQPnaIPTZw/cLGsTZEtgT/sapAjeEbFUXO7Nq4B7WfQS1gv1npmmAbcRWjvups/vvZewP4/CFYBg== Completed in 32ms
132 timing metavuln:cache:get:security-advisory:npm-pick-manifest:jK0AP7h/brWMR0ai+kWDJjJxNUg6InnZgFBVufFB0cjKC1xeZ82ouWPTS5D7IxHAWrCXhSs9BQYAlsHEC+JD4w== Completed in 31ms
133 timing metavuln:cache:get:security-advisory:postcss-loader:KT+dP/eKwjiT0lSOCtaoqzIpw+fKDPMixdXmwEDcSSGuMBzIEdWLuyMhdCrbRXD5KEUwZhvF9MlgyecuzIY30A== Completed in 31ms
134 http fetch GET 200 https://registry.npmjs.org/@angular%2fcompiler-cli 145ms (cache revalidated)
135 timing metavuln:packument:@angular/compiler-cli Completed in 157ms
136 timing metavuln:load:security-advisory:@angular/compiler-cli:leVLOBH6L7kijYa3ZPoQW9c9DpHJTQ4x06h9XnsNdXXFEYuoiAk7QDdx6msC9K+vk8daIqdrHHiDZzPezh3uNg== Completed in 5ms
137 timing metavuln:calculate:security-advisory:@angular/compiler-cli:leVLOBH6L7kijYa3ZPoQW9c9DpHJTQ4x06h9XnsNdXXFEYuoiAk7QDdx6msC9K+vk8daIqdrHHiDZzPezh3uNg== Completed in 162ms
138 http fetch GET 200 https://registry.npmjs.org/@angular-devkit%2fbuild-angular 168ms (cache revalidated)
139 timing metavuln:packument:@angular-devkit/build-angular Completed in 190ms
140 timing metavuln:load:security-advisory:@angular-devkit/build-angular:leVLOBH6L7kijYa3ZPoQW9c9DpHJTQ4x06h9XnsNdXXFEYuoiAk7QDdx6msC9K+vk8daIqdrHHiDZzPezh3uNg== Completed in 6ms
141 timing metavuln:calculate:security-advisory:@angular-devkit/build-angular:leVLOBH6L7kijYa3ZPoQW9c9DpHJTQ4x06h9XnsNdXXFEYuoiAk7QDdx6msC9K+vk8daIqdrHHiDZzPezh3uNg== Completed in 198ms
142 http fetch GET 200 https://registry.npmjs.org/npm-install-checks 233ms (cache revalidated)
143 timing metavuln:packument:npm-install-checks Completed in 235ms
144 timing metavuln:load:security-advisory:npm-install-checks:leVLOBH6L7kijYa3ZPoQW9c9DpHJTQ4x06h9XnsNdXXFEYuoiAk7QDdx6msC9K+vk8daIqdrHHiDZzPezh3uNg== Completed in 0ms
145 timing metavuln:calculate:security-advisory:npm-install-checks:leVLOBH6L7kijYa3ZPoQW9c9DpHJTQ4x06h9XnsNdXXFEYuoiAk7QDdx6msC9K+vk8daIqdrHHiDZzPezh3uNg== Completed in 238ms
146 http fetch GET 200 https://registry.npmjs.org/npm-package-arg 239ms (cache revalidated)
147 timing metavuln:packument:npm-package-arg Completed in 241ms
148 timing metavuln:load:security-advisory:npm-package-arg:leVLOBH6L7kijYa3ZPoQW9c9DpHJTQ4x06h9XnsNdXXFEYuoiAk7QDdx6msC9K+vk8daIqdrHHiDZzPezh3uNg== Completed in 0ms
149 timing metavuln:calculate:security-advisory:npm-package-arg:leVLOBH6L7kijYa3ZPoQW9c9DpHJTQ4x06h9XnsNdXXFEYuoiAk7QDdx6msC9K+vk8daIqdrHHiDZzPezh3uNg== Completed in 243ms
150 http fetch GET 200 https://registry.npmjs.org/@npmcli%2ffs 247ms (cache revalidated)
151 timing metavuln:packument:@npmcli/fs Completed in 249ms
152 timing metavuln:load:security-advisory:@npmcli/fs:leVLOBH6L7kijYa3ZPoQW9c9DpHJTQ4x06h9XnsNdXXFEYuoiAk7QDdx6msC9K+vk8daIqdrHHiDZzPezh3uNg== Completed in 0ms
153 timing metavuln:calculate:security-advisory:@npmcli/fs:leVLOBH6L7kijYa3ZPoQW9c9DpHJTQ4x06h9XnsNdXXFEYuoiAk7QDdx6msC9K+vk8daIqdrHHiDZzPezh3uNg== Completed in 250ms
154 http fetch GET 200 https://registry.npmjs.org/node-gyp 248ms (cache revalidated)
155 timing metavuln:packument:node-gyp Completed in 250ms
156 timing metavuln:load:security-advisory:node-gyp:leVLOBH6L7kijYa3ZPoQW9c9DpHJTQ4x06h9XnsNdXXFEYuoiAk7QDdx6msC9K+vk8daIqdrHHiDZzPezh3uNg== Completed in 0ms
157 timing metavuln:calculate:security-advisory:node-gyp:leVLOBH6L7kijYa3ZPoQW9c9DpHJTQ4x06h9XnsNdXXFEYuoiAk7QDdx6msC9K+vk8daIqdrHHiDZzPezh3uNg== Completed in 252ms
158 http fetch GET 200 https://registry.npmjs.org/css-loader 254ms (cache revalidated)
159 timing metavuln:packument:css-loader Completed in 257ms
160 timing metavuln:load:security-advisory:css-loader:leVLOBH6L7kijYa3ZPoQW9c9DpHJTQ4x06h9XnsNdXXFEYuoiAk7QDdx6msC9K+vk8daIqdrHHiDZzPezh3uNg== Completed in 0ms
161 timing metavuln:calculate:security-advisory:css-loader:leVLOBH6L7kijYa3ZPoQW9c9DpHJTQ4x06h9XnsNdXXFEYuoiAk7QDdx6msC9K+vk8daIqdrHHiDZzPezh3uNg== Completed in 258ms
162 http fetch GET 200 https://registry.npmjs.org/postcss-loader 256ms (cache revalidated)
163 timing metavuln:packument:postcss-loader Completed in 257ms
164 timing metavuln:load:security-advisory:postcss-loader:leVLOBH6L7kijYa3ZPoQW9c9DpHJTQ4x06h9XnsNdXXFEYuoiAk7QDdx6msC9K+vk8daIqdrHHiDZzPezh3uNg== Completed in 0ms
165 timing metavuln:calculate:security-advisory:postcss-loader:leVLOBH6L7kijYa3ZPoQW9c9DpHJTQ4x06h9XnsNdXXFEYuoiAk7QDdx6msC9K+vk8daIqdrHHiDZzPezh3uNg== Completed in 259ms
166 http fetch GET 200 https://registry.npmjs.org/@angular%2fcli 268ms (cache revalidated)
167 timing metavuln:packument:@angular/cli Completed in 281ms
168 timing metavuln:load:security-advisory:@angular/cli:leVLOBH6L7kijYa3ZPoQW9c9DpHJTQ4x06h9XnsNdXXFEYuoiAk7QDdx6msC9K+vk8daIqdrHHiDZzPezh3uNg== Completed in 8ms
169 timing metavuln:calculate:security-advisory:@angular/cli:leVLOBH6L7kijYa3ZPoQW9c9DpHJTQ4x06h9XnsNdXXFEYuoiAk7QDdx6msC9K+vk8daIqdrHHiDZzPezh3uNg== Completed in 291ms
170 http fetch GET 200 https://registry.npmjs.org/npm-pick-manifest 353ms (cache revalidated)
171 timing metavuln:packument:npm-pick-manifest Completed in 355ms
172 timing metavuln:load:security-advisory:npm-pick-manifest:leVLOBH6L7kijYa3ZPoQW9c9DpHJTQ4x06h9XnsNdXXFEYuoiAk7QDdx6msC9K+vk8daIqdrHHiDZzPezh3uNg== Completed in 0ms
173 timing metavuln:calculate:security-advisory:npm-pick-manifest:leVLOBH6L7kijYa3ZPoQW9c9DpHJTQ4x06h9XnsNdXXFEYuoiAk7QDdx6msC9K+vk8daIqdrHHiDZzPezh3uNg== Completed in 356ms
174 http fetch GET 200 https://registry.npmjs.org/@npmcli%2fgit 378ms (cache revalidated)
175 timing metavuln:packument:@npmcli/git Completed in 381ms
176 timing metavuln:load:security-advisory:@npmcli/git:leVLOBH6L7kijYa3ZPoQW9c9DpHJTQ4x06h9XnsNdXXFEYuoiAk7QDdx6msC9K+vk8daIqdrHHiDZzPezh3uNg== Completed in 0ms
177 timing metavuln:calculate:security-advisory:@npmcli/git:leVLOBH6L7kijYa3ZPoQW9c9DpHJTQ4x06h9XnsNdXXFEYuoiAk7QDdx6msC9K+vk8daIqdrHHiDZzPezh3uNg== Completed in 383ms
178 timing metavuln:cache:get:security-advisory:postcss-place:DcF2Hucpi5FndXhvRW6tEmVpmkdonU+HuiTd/caxkbNUyq/TDKwULv6qIpLMhL6JLySIzrZ8QyCUOPZqFZHFoA== Completed in 74ms
179 timing metavuln:cache:get:security-advisory:resolve-url-loader:NMmXK6xVhonFWyuVjVZvtHCgDtIj2Xt/NObjzI+nKFgCMVK0SPWnlUyO5ZfDMa1dK6KZVYB4z5/E6SGUubEZmA== Completed in 70ms
180 timing metavuln:cache:get:security-advisory:postcss-replace-overflow-wrap:eviuZ00oNqf16AqUoeu2VAApnkj/M4pbyk0g/DonBtbAzCW7a3kXslzQbWbaXkMulklyqxukyYPzwG7y+ui00A== Completed in 73ms
181 timing metavuln:cache:get:security-advisory:postcss-selector-not:elZryV+0niou24OBG/I9s4Gnvb9B5TS7lyz9AXDfZkWErG9cb4Chb9JQhSRVI9t4tIj3kgtEOzuf6zTiHz2ong== Completed in 72ms
182 timing metavuln:cache:get:security-advisory:postcss-preset-env:yBwbmtRsGyVG/ZD23OoFIGXTJAda4qWneKbM5CGU9FIn0zWCwAIoJK7WlVo4UGvEcBCmrlqa6aGz5zER3Y3ZtQ== Completed in 75ms
183 timing metavuln:cache:get:security-advisory:postcss-pseudo-class-any-link:YsxonGvHe2RZ/N+9cqwzU0D1Yph4uKZhPdyABacu6/1qq7RSE318rYwBil1R4aPf97iGmJRk9TvtK1+JMUiBLA== Completed in 75ms
184 timing metavuln:cache:get:security-advisory:@csstools/postcss-progressive-custom-properties:1vEyx3chXTpGaDqjWQ1+OutwAvYenBWtcsrrqFB3DiBccigFFi8L2JjFx+svOiaVKdQNPzCuzM4Zlba/5bBnPw== Completed in 184ms
185 timing metavuln:cache:get:security-advisory:critters:HwRskFz+/57WXA2Ody00uCW6hfm37R/c5z+GML/Xpj7p18XHOFlFvxObOqfK/qIeszD65AAn+Lh/iwl2PeE3GA== Completed in 182ms
186 timing metavuln:cache:get:security-advisory:autoprefixer:5RF4QUEv6ZipMnbK2pKJTBV3BXLFde3Uz6IIApaWRTPxUufEJ/LxW/4bNf5xF4CHjSQD+beVE7E05zfTVMpliA== Completed in 183ms
187 timing metavuln:cache:get:security-advisory:css-has-pseudo:jO46g6B6U1yItfHZH1sgKByzAS/OOKC4Z1yAZsGvMMWAc7FsjLssfqwkQW61ogssHre+orAyDI1uENcv+i805g== Completed in 181ms
188 timing metavuln:cache:get:security-advisory:css-blank-pseudo:vK1uwjBQXn2H2M5fm8W6J0btBz9ZgJVZYHi6UlIbfgC60X2MHHrvIQFCpu4SIHEgReimJ2c1OioMDLUyEXLa6g== Completed in 182ms
189 timing metavuln:cache:get:security-advisory:css-loader:6EXvijRGRyr2YtKxD/eQGZIIMdmLlvMqEwDqxl8sK6Fz/gQ7nNA6JZjJ+6kcf6/V4vozbYG6lbPr5RJurE5tXQ== Completed in 181ms
190 timing metavuln:load:security-advisory:css-loader:ylHlqxOD5gx7vcQurwTZyQHJsodRCM2yV95izcDPSahj+DDa6IEdlDh7BWAlf7fDDEd+NyVQHm50pHmcApHI4w== Completed in 0ms
191 timing metavuln:calculate:security-advisory:css-loader:ylHlqxOD5gx7vcQurwTZyQHJsodRCM2yV95izcDPSahj+DDa6IEdlDh7BWAlf7fDDEd+NyVQHm50pHmcApHI4w== Completed in 182ms
192 timing metavuln:cache:get:security-advisory:icss-utils:yYyKCNldFPvCBnwRdM7f9pJsTIyGSkLLQ6JOEhI97LEUI/crNNtQCnNyYSE4PQIgxbTGHYZenzx04TWDvdXcuw== Completed in 183ms
193 timing metavuln:cache:get:security-advisory:@angular-devkit/build-angular:ALLGcCM6Llte1TRt8Wq+2dNjABbZuUvGJsmpx/OdWN/8/YF1Tox9nOSdfU1DKe6CCYhswWF92cTkzwTCTNoCwQ== Completed in 191ms
194 timing metavuln:load:security-advisory:@angular-devkit/build-angular:ylHlqxOD5gx7vcQurwTZyQHJsodRCM2yV95izcDPSahj+DDa6IEdlDh7BWAlf7fDDEd+NyVQHm50pHmcApHI4w== Completed in 6ms
195 timing metavuln:calculate:security-advisory:@angular-devkit/build-angular:ylHlqxOD5gx7vcQurwTZyQHJsodRCM2yV95izcDPSahj+DDa6IEdlDh7BWAlf7fDDEd+NyVQHm50pHmcApHI4w== Completed in 199ms
196 timing metavuln:cache:get:security-advisory:postcss-attribute-case-insensitive:L45YptO2Pn0TAT2sjYTo8T49di8T12tInftIZm0bhpJKAW+cvXlFx2xVS71hUg+YEA0pmpsIKofLZY4hBK1KMA== Completed in 193ms
197 timing metavuln:cache:get:security-advisory:css-prefers-color-scheme:UQDgjoMIxOA5xTaYUslcfX7PBf8BgeB1nHjDYeqsuEiUuJI0eQLV3g4I170EHVgCiIP5shK+p5S5UkW1PdFVRA== Completed in 195ms
198 timing metavuln:cache:get:security-advisory:postcss-color-hex-alpha:IJm/KQeDtnC+fknFvp5cE+ROIA7uwuhBkQSrs+BsT+eCDIqVuVwJ3Yw16U9yve1TZWXS043ipRx5utjI4rJL+g== Completed in 191ms
199 timing metavuln:cache:get:security-advisory:postcss-color-functional-notation:EYPOPhZ8GqXaaUmdJs4AZJ4N3iWytJpH84fTsZ9DXWEQbiZefRJW9A5rOdULxtMcEwwuzKiwTV2P/HGFGkw0wg== Completed in 194ms
200 timing metavuln:cache:get:security-advisory:postcss-color-rebeccapurple:6Bp9oKP36d5QCuS/FDL/WYfOvAp0dKGGdF5y5zlGMoLnf+l2j6GDdCb8pypA9uC6HOzdSCAQDGKZE5xUoPtqog== Completed in 192ms
201 timing metavuln:cache:get:security-advisory:postcss-custom-selectors:nQaCTvv9Jgnpu0D5c+T/8+bCMG3eazxyHrRRxxno7d+vm6Pq9OzyTZj/UI4F7qignQnorLtb6BsKcW4bQK/TYA== Completed in 189ms
202 timing metavuln:cache:get:security-advisory:postcss-custom-properties:LUQQWTbVbKuDd7eA7omXSOdMba9mHND6YaxrwHqxrEUNXqJnuq6jDqUPXPYJTJCSXvD+Qr3dooMhWnQxMB0ABw== Completed in 192ms
203 timing metavuln:cache:get:security-advisory:postcss-initial:lIl7tG+Rarwn0a+68XW761JuKgrTkxknkZqMKL0xPRT+ztrDxtUWgAdZTwc0A1zUKWfxcnSmDUd7uV9c2t1EAA== Completed in 179ms
204 timing metavuln:cache:get:security-advisory:postcss-loader:6JJ8rP/UjNkzdyDWl0wbbhH+/lz+yH/cm/gIAzfyRAW0AOKhdl71x3hYR4BBpbjl3o4aO8lQiru9oC74dz8m0g== Completed in 161ms
205 timing metavuln:load:security-advisory:postcss-loader:ylHlqxOD5gx7vcQurwTZyQHJsodRCM2yV95izcDPSahj+DDa6IEdlDh7BWAlf7fDDEd+NyVQHm50pHmcApHI4w== Completed in 1ms
206 timing metavuln:calculate:security-advisory:postcss-loader:ylHlqxOD5gx7vcQurwTZyQHJsodRCM2yV95izcDPSahj+DDa6IEdlDh7BWAlf7fDDEd+NyVQHm50pHmcApHI4w== Completed in 163ms
207 timing metavuln:cache:get:security-advisory:postcss-lab-function:BLefLR7jRmqp+DMdU8j04wi7S9MqFF3wBmiKvOYNyYSc2BqTNJXD0jNcNmmkxSurpAxCwE7+78pp/G3MLYfuQQ== Completed in 182ms
208 timing metavuln:cache:get:security-advisory:postcss-logical:N2n8EdVT39lxtBWQ++bIF+g8oseekA5rDuiGcCdCVlTlUxDWtoKXfLWiOYqeiq3BjDGjo+s+qdHWv4JgvfIs5g== Completed in 166ms
209 timing metavuln:cache:get:security-advisory:postcss-media-minmax:s+9w9gTgOUqwdOBG/u99tnoQNJeBd8ZK3h9j/NaSidROsB4pHqiNKbiMALg+p0suqMHocshal5k60MqQgOTJjQ== Completed in 166ms
210 timing metavuln:cache:get:security-advisory:postcss-modules-extract-imports:+0V5dMUEIJOKTypxHUijCdDFWPUji6jXcSr9XxqiHCUE9bE4V1H3+Zg7JlTfUccmiJi039HArurGEyc7GBxARQ== Completed in 157ms
211 timing metavuln:cache:get:security-advisory:postcss-modules-local-by-default:C7sCRbe1rpoiocPJEr3ZpVI0GNhehfdeeHxh9drmrTR42YsNOiy5CngAw3qFKRZfQw+EswFwYLPEwstfULaziw== Completed in 157ms
212 timing metavuln:cache:get:security-advisory:postcss-custom-media:ZFdXXg25gybOWae/REleYwYDBr363Nior2gllaWdZTDe4LEnwlcBWu8BEqi8WTbqipIPIX+zzPnRjZLpAUSsCA== Completed in 202ms
213 timing metavuln:cache:get:security-advisory:postcss-modules-scope:pGTlh8L+fXX8RKh5S9jDl+fLLo8UjZUiYyU8VQUsK/Bizdqohgfk+MwTTGYASAAkBNsCeneRNWfCLslkr43Nxw== Completed in 157ms
214 timing metavuln:cache:get:security-advisory:postcss-env-function:qBUF2I9INj4vzsE8aPn7CGFDI+nlYDrNKi1EPinjpImgJ3Ti+uWCDoMg24rVw/IlHiooMYDvnX1KVvVH/ixDBg== Completed in 198ms
215 timing metavuln:cache:get:security-advisory:postcss-dir-pseudo-class:GiZHn3TcVVpkEZpcZUhjgcvOOct0bossJRBq7eTlzoUHp/k7ySbQLktC7GjQu6f8Nw6eikoHVg4tdaSTgb6MZg== Completed in 201ms
216 timing metavuln:cache:get:security-advisory:postcss-font-variant:s1KtQT00/lv5tHOUO3RfGo/6o94vNlJSOYmWOwW+iQcdkljhJO2rGehBkO3zkuGfFsgTqo90bUFDN5nIyI6/Kw== Completed in 196ms
217 timing metavuln:cache:get:security-advisory:postcss-focus-visible:zCVj45w78N16FiyKYbXs67L7Knwkcsum0R58g7X+DdyLNSrzmeIJr1of3RxQkxm1kLBiVbqA2vmFcW3McNlP9A== Completed in 199ms
218 timing metavuln:cache:get:security-advisory:postcss-double-position-gradients:5w7vmqoJP60ddRReevEM1Frve7XPCgUyoJqzHkZon273dVlWPh9U9y7vd+N2nhLjtgWi6ZhQJN2IFa2v/4V4Cg== Completed in 202ms
219 timing metavuln:cache:get:security-advisory:postcss-gap-properties:gTMF/2yEyill5nc/zqv8HqnrTcociDQUmZnjoetrsTMXnX7uNO9Y6Ktvdmr3ME3xsHH/Sfr3KwVdZ+47Mpc+TQ== Completed in 196ms
220 timing metavuln:cache:get:security-advisory:postcss-image-set-function:lfruEXubXCCJKa6gYf3lwYdlytswW+pz0LU7FzAqBEqDXpK8ffLQZtD2hrqeAISh6ghmt45zVMJnhPtUNGziPg== Completed in 196ms
221 timing metavuln:cache:get:security-advisory:postcss-modules-values:InWEHjCzDe9ElWhGUWMrd8T7geqeUeyEVXrcy9oV2d5kty+h0Lw1DEJLlWAlvXQ9AHvyO5u3Y1jrwSrXdDK9Lg== Completed in 153ms
222 timing metavuln:cache:get:security-advisory:postcss-import:/PLPdl+taO2Poo7pvMMH2KqPZN0Vz9Fuq8Raoioetz7jX5Ri40PqXKjKUK1CV+bpEKjQ1uXf6O1nV9wYvCx2zg== Completed in 196ms
223 timing metavuln:cache:get:security-advisory:postcss-focus-within:fjs6cdpsZCnrzujXva1bNZcu9TQvazeUeuVmdpV1PNufaSxcyXLHiHaheW9cDW9e6Iko5DMi/jsy2I2lgbIcAg== Completed in 202ms
224 timing metavuln:cache:get:security-advisory:postcss-overflow-shorthand:rz393U2s2Z0tNoiF++UToZNWI0DrMZUQJADpjEGqoXFz3UUisRfScRJtKV1yWR4LVqz/+p8I8H0ZzBvyKalA6w== Completed in 120ms
225 timing metavuln:cache:get:security-advisory:postcss-nesting:7NTb5injN6vRqkBrsV7WNAUIbei4zLOpc2z0lUg/lHyvu7JeKpND76fBBoxYZ9UvNHA/fxksbIVZVBBHwab8KQ== Completed in 130ms
226 timing metavuln:cache:get:security-advisory:postcss-page-break:TCJMBllD+uJuZ7AT3xwEOUOwFBTGPPsQan4nQGL0tm4HDgRxb2UI1zzFGoW+Hom5yoMq0xwKapLUaNS+z0Y6Ww== Completed in 121ms
227 http fetch GET 200 https://registry.npmjs.org/postcss-color-rebeccapurple 364ms (cache revalidated)
228 timing metavuln:packument:postcss-color-rebeccapurple Completed in 366ms
229 timing metavuln:load:security-advisory:postcss-color-rebeccapurple:ylHlqxOD5gx7vcQurwTZyQHJsodRCM2yV95izcDPSahj+DDa6IEdlDh7BWAlf7fDDEd+NyVQHm50pHmcApHI4w== Completed in 0ms
230 timing metavuln:calculate:security-advisory:postcss-color-rebeccapurple:ylHlqxOD5gx7vcQurwTZyQHJsodRCM2yV95izcDPSahj+DDa6IEdlDh7BWAlf7fDDEd+NyVQHm50pHmcApHI4w== Completed in 367ms
231 http fetch GET 200 https://registry.npmjs.org/critters 376ms (cache revalidated)
232 timing metavuln:packument:critters Completed in 377ms
233 timing metavuln:load:security-advisory:critters:ylHlqxOD5gx7vcQurwTZyQHJsodRCM2yV95izcDPSahj+DDa6IEdlDh7BWAlf7fDDEd+NyVQHm50pHmcApHI4w== Completed in 0ms
234 timing metavuln:calculate:security-advisory:critters:ylHlqxOD5gx7vcQurwTZyQHJsodRCM2yV95izcDPSahj+DDa6IEdlDh7BWAlf7fDDEd+NyVQHm50pHmcApHI4w== Completed in 379ms
235 http fetch GET 200 https://registry.npmjs.org/css-blank-pseudo 379ms (cache revalidated)
236 timing metavuln:packument:css-blank-pseudo Completed in 380ms
237 timing metavuln:load:security-advisory:css-blank-pseudo:ylHlqxOD5gx7vcQurwTZyQHJsodRCM2yV95izcDPSahj+DDa6IEdlDh7BWAlf7fDDEd+NyVQHm50pHmcApHI4w== Completed in 0ms
238 timing metavuln:calculate:security-advisory:css-blank-pseudo:ylHlqxOD5gx7vcQurwTZyQHJsodRCM2yV95izcDPSahj+DDa6IEdlDh7BWAlf7fDDEd+NyVQHm50pHmcApHI4w== Completed in 382ms
239 http fetch GET 200 https://registry.npmjs.org/autoprefixer 385ms (cache revalidated)
240 timing metavuln:packument:autoprefixer Completed in 388ms
241 timing metavuln:load:security-advisory:autoprefixer:ylHlqxOD5gx7vcQurwTZyQHJsodRCM2yV95izcDPSahj+DDa6IEdlDh7BWAlf7fDDEd+NyVQHm50pHmcApHI4w== Completed in 0ms
242 timing metavuln:calculate:security-advisory:autoprefixer:ylHlqxOD5gx7vcQurwTZyQHJsodRCM2yV95izcDPSahj+DDa6IEdlDh7BWAlf7fDDEd+NyVQHm50pHmcApHI4w== Completed in 391ms
243 http fetch GET 200 https://registry.npmjs.org/css-has-pseudo 388ms (cache revalidated)
244 timing metavuln:packument:css-has-pseudo Completed in 389ms
245 timing metavuln:load:security-advisory:css-has-pseudo:ylHlqxOD5gx7vcQurwTZyQHJsodRCM2yV95izcDPSahj+DDa6IEdlDh7BWAlf7fDDEd+NyVQHm50pHmcApHI4w== Completed in 0ms
246 timing metavuln:calculate:security-advisory:css-has-pseudo:ylHlqxOD5gx7vcQurwTZyQHJsodRCM2yV95izcDPSahj+DDa6IEdlDh7BWAlf7fDDEd+NyVQHm50pHmcApHI4w== Completed in 391ms
247 http fetch GET 200 https://registry.npmjs.org/postcss-env-function 377ms (cache revalidated)
248 timing metavuln:packument:postcss-env-function Completed in 379ms
249 timing metavuln:load:security-advisory:postcss-env-function:ylHlqxOD5gx7vcQurwTZyQHJsodRCM2yV95izcDPSahj+DDa6IEdlDh7BWAlf7fDDEd+NyVQHm50pHmcApHI4w== Completed in 0ms
250 timing metavuln:calculate:security-advisory:postcss-env-function:ylHlqxOD5gx7vcQurwTZyQHJsodRCM2yV95izcDPSahj+DDa6IEdlDh7BWAlf7fDDEd+NyVQHm50pHmcApHI4w== Completed in 379ms
251 http fetch GET 200 https://registry.npmjs.org/postcss-color-functional-notation 389ms (cache revalidated)
252 timing metavuln:packument:postcss-color-functional-notation Completed in 391ms
253 timing metavuln:load:security-advisory:postcss-color-functional-notation:ylHlqxOD5gx7vcQurwTZyQHJsodRCM2yV95izcDPSahj+DDa6IEdlDh7BWAlf7fDDEd+NyVQHm50pHmcApHI4w== Completed in 0ms
254 timing metavuln:calculate:security-advisory:postcss-color-functional-notation:ylHlqxOD5gx7vcQurwTZyQHJsodRCM2yV95izcDPSahj+DDa6IEdlDh7BWAlf7fDDEd+NyVQHm50pHmcApHI4w== Completed in 392ms
255 http fetch GET 200 https://registry.npmjs.org/icss-utils 393ms (cache revalidated)
256 timing metavuln:packument:icss-utils Completed in 395ms
257 timing metavuln:load:security-advisory:icss-utils:ylHlqxOD5gx7vcQurwTZyQHJsodRCM2yV95izcDPSahj+DDa6IEdlDh7BWAlf7fDDEd+NyVQHm50pHmcApHI4w== Completed in 0ms
258 timing metavuln:calculate:security-advisory:icss-utils:ylHlqxOD5gx7vcQurwTZyQHJsodRCM2yV95izcDPSahj+DDa6IEdlDh7BWAlf7fDDEd+NyVQHm50pHmcApHI4w== Completed in 396ms
259 http fetch GET 200 https://registry.npmjs.org/postcss-custom-media 390ms (cache revalidated)
260 timing metavuln:packument:postcss-custom-media Completed in 392ms
261 timing metavuln:load:security-advisory:postcss-custom-media:ylHlqxOD5gx7vcQurwTZyQHJsodRCM2yV95izcDPSahj+DDa6IEdlDh7BWAlf7fDDEd+NyVQHm50pHmcApHI4w== Completed in 0ms
262 timing metavuln:calculate:security-advisory:postcss-custom-media:ylHlqxOD5gx7vcQurwTZyQHJsodRCM2yV95izcDPSahj+DDa6IEdlDh7BWAlf7fDDEd+NyVQHm50pHmcApHI4w== Completed in 393ms
263 http fetch GET 200 https://registry.npmjs.org/postcss-color-hex-alpha 396ms (cache revalidated)
264 timing metavuln:packument:postcss-color-hex-alpha Completed in 397ms
265 timing metavuln:load:security-advisory:postcss-color-hex-alpha:ylHlqxOD5gx7vcQurwTZyQHJsodRCM2yV95izcDPSahj+DDa6IEdlDh7BWAlf7fDDEd+NyVQHm50pHmcApHI4w== Completed in 0ms
266 timing metavuln:calculate:security-advisory:postcss-color-hex-alpha:ylHlqxOD5gx7vcQurwTZyQHJsodRCM2yV95izcDPSahj+DDa6IEdlDh7BWAlf7fDDEd+NyVQHm50pHmcApHI4w== Completed in 397ms
267 http fetch GET 200 https://registry.npmjs.org/postcss-place 439ms (cache revalidated)
268 timing metavuln:packument:postcss-place Completed in 440ms
269 timing metavuln:load:security-advisory:postcss-place:ylHlqxOD5gx7vcQurwTZyQHJsodRCM2yV95izcDPSahj+DDa6IEdlDh7BWAlf7fDDEd+NyVQHm50pHmcApHI4w== Completed in 0ms
270 timing metavuln:calculate:security-advisory:postcss-place:ylHlqxOD5gx7vcQurwTZyQHJsodRCM2yV95izcDPSahj+DDa6IEdlDh7BWAlf7fDDEd+NyVQHm50pHmcApHI4w== Completed in 441ms
271 http fetch GET 200 https://registry.npmjs.org/@csstools%2fpostcss-progressive-custom-properties 574ms (cache revalidated)
272 timing metavuln:packument:@csstools/postcss-progressive-custom-properties Completed in 577ms
273 timing metavuln:load:security-advisory:@csstools/postcss-progressive-custom-properties:ylHlqxOD5gx7vcQurwTZyQHJsodRCM2yV95izcDPSahj+DDa6IEdlDh7BWAlf7fDDEd+NyVQHm50pHmcApHI4w== Completed in 0ms
274 timing metavuln:calculate:security-advisory:@csstools/postcss-progressive-custom-properties:ylHlqxOD5gx7vcQurwTZyQHJsodRCM2yV95izcDPSahj+DDa6IEdlDh7BWAlf7fDDEd+NyVQHm50pHmcApHI4w== Completed in 578ms
275 http fetch GET 200 https://registry.npmjs.org/postcss-image-set-function 671ms (cache revalidated)
276 timing metavuln:packument:postcss-image-set-function Completed in 674ms
277 timing metavuln:load:security-advisory:postcss-image-set-function:ylHlqxOD5gx7vcQurwTZyQHJsodRCM2yV95izcDPSahj+DDa6IEdlDh7BWAlf7fDDEd+NyVQHm50pHmcApHI4w== Completed in 0ms
278 timing metavuln:calculate:security-advisory:postcss-image-set-function:ylHlqxOD5gx7vcQurwTZyQHJsodRCM2yV95izcDPSahj+DDa6IEdlDh7BWAlf7fDDEd+NyVQHm50pHmcApHI4w== Completed in 678ms
279 http fetch GET 200 https://registry.npmjs.org/postcss-gap-properties 680ms (cache revalidated)
280 timing metavuln:packument:postcss-gap-properties Completed in 683ms
281 timing metavuln:load:security-advisory:postcss-gap-properties:ylHlqxOD5gx7vcQurwTZyQHJsodRCM2yV95izcDPSahj+DDa6IEdlDh7BWAlf7fDDEd+NyVQHm50pHmcApHI4w== Completed in 0ms
282 timing metavuln:calculate:security-advisory:postcss-gap-properties:ylHlqxOD5gx7vcQurwTZyQHJsodRCM2yV95izcDPSahj+DDa6IEdlDh7BWAlf7fDDEd+NyVQHm50pHmcApHI4w== Completed in 684ms
283 http fetch GET 200 https://registry.npmjs.org/postcss-overflow-shorthand 626ms (cache revalidated)
284 timing metavuln:packument:postcss-overflow-shorthand Completed in 629ms
285 timing metavuln:load:security-advisory:postcss-overflow-shorthand:ylHlqxOD5gx7vcQurwTZyQHJsodRCM2yV95izcDPSahj+DDa6IEdlDh7BWAlf7fDDEd+NyVQHm50pHmcApHI4w== Completed in 0ms
286 timing metavuln:calculate:security-advisory:postcss-overflow-shorthand:ylHlqxOD5gx7vcQurwTZyQHJsodRCM2yV95izcDPSahj+DDa6IEdlDh7BWAlf7fDDEd+NyVQHm50pHmcApHI4w== Completed in 631ms
287 http fetch GET 200 https://registry.npmjs.org/postcss-focus-visible 716ms (cache revalidated)
288 timing metavuln:packument:postcss-focus-visible Completed in 718ms
289 timing metavuln:load:security-advisory:postcss-focus-visible:ylHlqxOD5gx7vcQurwTZyQHJsodRCM2yV95izcDPSahj+DDa6IEdlDh7BWAlf7fDDEd+NyVQHm50pHmcApHI4w== Completed in 0ms
290 timing metavuln:calculate:security-advisory:postcss-focus-visible:ylHlqxOD5gx7vcQurwTZyQHJsodRCM2yV95izcDPSahj+DDa6IEdlDh7BWAlf7fDDEd+NyVQHm50pHmcApHI4w== Completed in 720ms
291 http fetch GET 200 https://registry.npmjs.org/resolve-url-loader 630ms (cache revalidated)
292 timing metavuln:packument:resolve-url-loader Completed in 633ms
293 timing metavuln:load:security-advisory:resolve-url-loader:ylHlqxOD5gx7vcQurwTZyQHJsodRCM2yV95izcDPSahj+DDa6IEdlDh7BWAlf7fDDEd+NyVQHm50pHmcApHI4w== Completed in 1ms
294 timing metavuln:calculate:security-advisory:resolve-url-loader:ylHlqxOD5gx7vcQurwTZyQHJsodRCM2yV95izcDPSahj+DDa6IEdlDh7BWAlf7fDDEd+NyVQHm50pHmcApHI4w== Completed in 636ms
295 http fetch GET 200 https://registry.npmjs.org/postcss-selector-not 638ms (cache revalidated)
296 timing metavuln:packument:postcss-selector-not Completed in 641ms
297 timing metavuln:load:security-advisory:postcss-selector-not:ylHlqxOD5gx7vcQurwTZyQHJsodRCM2yV95izcDPSahj+DDa6IEdlDh7BWAlf7fDDEd+NyVQHm50pHmcApHI4w== Completed in 0ms
298 timing metavuln:calculate:security-advisory:postcss-selector-not:ylHlqxOD5gx7vcQurwTZyQHJsodRCM2yV95izcDPSahj+DDa6IEdlDh7BWAlf7fDDEd+NyVQHm50pHmcApHI4w== Completed in 644ms
299 http fetch GET 200 https://registry.npmjs.org/postcss-attribute-case-insensitive 745ms (cache revalidated)
300 timing metavuln:packument:postcss-attribute-case-insensitive Completed in 748ms
301 timing metavuln:load:security-advisory:postcss-attribute-case-insensitive:ylHlqxOD5gx7vcQurwTZyQHJsodRCM2yV95izcDPSahj+DDa6IEdlDh7BWAlf7fDDEd+NyVQHm50pHmcApHI4w== Completed in 0ms
302 timing metavuln:calculate:security-advisory:postcss-attribute-case-insensitive:ylHlqxOD5gx7vcQurwTZyQHJsodRCM2yV95izcDPSahj+DDa6IEdlDh7BWAlf7fDDEd+NyVQHm50pHmcApHI4w== Completed in 750ms
303 http fetch GET 200 https://registry.npmjs.org/postcss-logical 718ms (cache revalidated)
304 timing metavuln:packument:postcss-logical Completed in 721ms
305 timing metavuln:load:security-advisory:postcss-logical:ylHlqxOD5gx7vcQurwTZyQHJsodRCM2yV95izcDPSahj+DDa6IEdlDh7BWAlf7fDDEd+NyVQHm50pHmcApHI4w== Completed in 0ms
306 timing metavuln:calculate:security-advisory:postcss-logical:ylHlqxOD5gx7vcQurwTZyQHJsodRCM2yV95izcDPSahj+DDa6IEdlDh7BWAlf7fDDEd+NyVQHm50pHmcApHI4w== Completed in 723ms
307 http fetch GET 200 https://registry.npmjs.org/postcss-preset-env 668ms (cache revalidated)
308 timing metavuln:packument:postcss-preset-env Completed in 678ms
309 timing metavuln:load:security-advisory:postcss-preset-env:ylHlqxOD5gx7vcQurwTZyQHJsodRCM2yV95izcDPSahj+DDa6IEdlDh7BWAlf7fDDEd+NyVQHm50pHmcApHI4w== Completed in 1ms
310 timing metavuln:calculate:security-advisory:postcss-preset-env:ylHlqxOD5gx7vcQurwTZyQHJsodRCM2yV95izcDPSahj+DDa6IEdlDh7BWAlf7fDDEd+NyVQHm50pHmcApHI4w== Completed in 680ms
311 http fetch GET 200 https://registry.npmjs.org/postcss-modules-local-by-default 733ms (cache revalidated)
312 timing metavuln:packument:postcss-modules-local-by-default Completed in 736ms
313 timing metavuln:load:security-advisory:postcss-modules-local-by-default:ylHlqxOD5gx7vcQurwTZyQHJsodRCM2yV95izcDPSahj+DDa6IEdlDh7BWAlf7fDDEd+NyVQHm50pHmcApHI4w== Completed in 0ms
314 timing metavuln:calculate:security-advisory:postcss-modules-local-by-default:ylHlqxOD5gx7vcQurwTZyQHJsodRCM2yV95izcDPSahj+DDa6IEdlDh7BWAlf7fDDEd+NyVQHm50pHmcApHI4w== Completed in 738ms
315 http fetch GET 200 https://registry.npmjs.org/postcss-custom-properties 783ms (cache revalidated)
316 timing metavuln:packument:postcss-custom-properties Completed in 787ms
317 timing metavuln:load:security-advisory:postcss-custom-properties:ylHlqxOD5gx7vcQurwTZyQHJsodRCM2yV95izcDPSahj+DDa6IEdlDh7BWAlf7fDDEd+NyVQHm50pHmcApHI4w== Completed in 0ms
318 timing metavuln:calculate:security-advisory:postcss-custom-properties:ylHlqxOD5gx7vcQurwTZyQHJsodRCM2yV95izcDPSahj+DDa6IEdlDh7BWAlf7fDDEd+NyVQHm50pHmcApHI4w== Completed in 790ms
319 http fetch GET 200 https://registry.npmjs.org/postcss-initial 795ms (cache revalidated)
320 timing metavuln:packument:postcss-initial Completed in 797ms
321 timing metavuln:load:security-advisory:postcss-initial:ylHlqxOD5gx7vcQurwTZyQHJsodRCM2yV95izcDPSahj+DDa6IEdlDh7BWAlf7fDDEd+NyVQHm50pHmcApHI4w== Completed in 0ms
322 timing metavuln:calculate:security-advisory:postcss-initial:ylHlqxOD5gx7vcQurwTZyQHJsodRCM2yV95izcDPSahj+DDa6IEdlDh7BWAlf7fDDEd+NyVQHm50pHmcApHI4w== Completed in 799ms
323 http fetch GET 200 https://registry.npmjs.org/css-prefers-color-scheme 824ms (cache revalidated)
324 timing metavuln:packument:css-prefers-color-scheme Completed in 826ms
325 timing metavuln:load:security-advisory:css-prefers-color-scheme:ylHlqxOD5gx7vcQurwTZyQHJsodRCM2yV95izcDPSahj+DDa6IEdlDh7BWAlf7fDDEd+NyVQHm50pHmcApHI4w== Completed in 0ms
326 timing metavuln:calculate:security-advisory:css-prefers-color-scheme:ylHlqxOD5gx7vcQurwTZyQHJsodRCM2yV95izcDPSahj+DDa6IEdlDh7BWAlf7fDDEd+NyVQHm50pHmcApHI4w== Completed in 830ms
327 http fetch GET 200 https://registry.npmjs.org/postcss-lab-function 794ms (cache revalidated)
328 timing metavuln:packument:postcss-lab-function Completed in 812ms
329 timing metavuln:load:security-advisory:postcss-lab-function:ylHlqxOD5gx7vcQurwTZyQHJsodRCM2yV95izcDPSahj+DDa6IEdlDh7BWAlf7fDDEd+NyVQHm50pHmcApHI4w== Completed in 0ms
330 timing metavuln:calculate:security-advisory:postcss-lab-function:ylHlqxOD5gx7vcQurwTZyQHJsodRCM2yV95izcDPSahj+DDa6IEdlDh7BWAlf7fDDEd+NyVQHm50pHmcApHI4w== Completed in 814ms
331 http fetch GET 200 https://registry.npmjs.org/postcss-focus-within 821ms (cache revalidated)
332 timing metavuln:packument:postcss-focus-within Completed in 824ms
333 timing metavuln:load:security-advisory:postcss-focus-within:ylHlqxOD5gx7vcQurwTZyQHJsodRCM2yV95izcDPSahj+DDa6IEdlDh7BWAlf7fDDEd+NyVQHm50pHmcApHI4w== Completed in 0ms
334 timing metavuln:calculate:security-advisory:postcss-focus-within:ylHlqxOD5gx7vcQurwTZyQHJsodRCM2yV95izcDPSahj+DDa6IEdlDh7BWAlf7fDDEd+NyVQHm50pHmcApHI4w== Completed in 826ms
335 http fetch GET 200 https://registry.npmjs.org/postcss-import 821ms (cache revalidated)
336 timing metavuln:packument:postcss-import Completed in 824ms
337 timing metavuln:load:security-advisory:postcss-import:ylHlqxOD5gx7vcQurwTZyQHJsodRCM2yV95izcDPSahj+DDa6IEdlDh7BWAlf7fDDEd+NyVQHm50pHmcApHI4w== Completed in 0ms
338 timing metavuln:calculate:security-advisory:postcss-import:ylHlqxOD5gx7vcQurwTZyQHJsodRCM2yV95izcDPSahj+DDa6IEdlDh7BWAlf7fDDEd+NyVQHm50pHmcApHI4w== Completed in 825ms
339 http fetch GET 200 https://registry.npmjs.org/postcss-font-variant 836ms (cache revalidated)
340 timing metavuln:packument:postcss-font-variant Completed in 837ms
341 timing metavuln:load:security-advisory:postcss-font-variant:ylHlqxOD5gx7vcQurwTZyQHJsodRCM2yV95izcDPSahj+DDa6IEdlDh7BWAlf7fDDEd+NyVQHm50pHmcApHI4w== Completed in 0ms
342 timing metavuln:calculate:security-advisory:postcss-font-variant:ylHlqxOD5gx7vcQurwTZyQHJsodRCM2yV95izcDPSahj+DDa6IEdlDh7BWAlf7fDDEd+NyVQHm50pHmcApHI4w== Completed in 839ms
343 http fetch GET 200 https://registry.npmjs.org/postcss-page-break 757ms (cache revalidated)
344 timing metavuln:packument:postcss-page-break Completed in 759ms
345 timing metavuln:load:security-advisory:postcss-page-break:ylHlqxOD5gx7vcQurwTZyQHJsodRCM2yV95izcDPSahj+DDa6IEdlDh7BWAlf7fDDEd+NyVQHm50pHmcApHI4w== Completed in 0ms
346 timing metavuln:calculate:security-advisory:postcss-page-break:ylHlqxOD5gx7vcQurwTZyQHJsodRCM2yV95izcDPSahj+DDa6IEdlDh7BWAlf7fDDEd+NyVQHm50pHmcApHI4w== Completed in 762ms
347 http fetch GET 200 https://registry.npmjs.org/postcss-custom-selectors 862ms (cache revalidated)
348 timing metavuln:packument:postcss-custom-selectors Completed in 868ms
349 timing metavuln:load:security-advisory:postcss-custom-selectors:ylHlqxOD5gx7vcQurwTZyQHJsodRCM2yV95izcDPSahj+DDa6IEdlDh7BWAlf7fDDEd+NyVQHm50pHmcApHI4w== Completed in 0ms
350 timing metavuln:calculate:security-advisory:postcss-custom-selectors:ylHlqxOD5gx7vcQurwTZyQHJsodRCM2yV95izcDPSahj+DDa6IEdlDh7BWAlf7fDDEd+NyVQHm50pHmcApHI4w== Completed in 870ms
351 http fetch GET 200 https://registry.npmjs.org/postcss-modules-scope 869ms (cache revalidated)
352 timing metavuln:packument:postcss-modules-scope Completed in 872ms
353 timing metavuln:load:security-advisory:postcss-modules-scope:ylHlqxOD5gx7vcQurwTZyQHJsodRCM2yV95izcDPSahj+DDa6IEdlDh7BWAlf7fDDEd+NyVQHm50pHmcApHI4w== Completed in 1ms
354 timing metavuln:calculate:security-advisory:postcss-modules-scope:ylHlqxOD5gx7vcQurwTZyQHJsodRCM2yV95izcDPSahj+DDa6IEdlDh7BWAlf7fDDEd+NyVQHm50pHmcApHI4w== Completed in 879ms
355 http fetch GET 200 https://registry.npmjs.org/postcss-replace-overflow-wrap 830ms (cache revalidated)
356 timing metavuln:packument:postcss-replace-overflow-wrap Completed in 831ms
357 timing metavuln:load:security-advisory:postcss-replace-overflow-wrap:ylHlqxOD5gx7vcQurwTZyQHJsodRCM2yV95izcDPSahj+DDa6IEdlDh7BWAlf7fDDEd+NyVQHm50pHmcApHI4w== Completed in 0ms
358 timing metavuln:calculate:security-advisory:postcss-replace-overflow-wrap:ylHlqxOD5gx7vcQurwTZyQHJsodRCM2yV95izcDPSahj+DDa6IEdlDh7BWAlf7fDDEd+NyVQHm50pHmcApHI4w== Completed in 833ms
359 http fetch GET 200 https://registry.npmjs.org/postcss-pseudo-class-any-link 838ms (cache revalidated)
360 timing metavuln:packument:postcss-pseudo-class-any-link Completed in 840ms
361 timing metavuln:load:security-advisory:postcss-pseudo-class-any-link:ylHlqxOD5gx7vcQurwTZyQHJsodRCM2yV95izcDPSahj+DDa6IEdlDh7BWAlf7fDDEd+NyVQHm50pHmcApHI4w== Completed in 0ms
362 timing metavuln:calculate:security-advisory:postcss-pseudo-class-any-link:ylHlqxOD5gx7vcQurwTZyQHJsodRCM2yV95izcDPSahj+DDa6IEdlDh7BWAlf7fDDEd+NyVQHm50pHmcApHI4w== Completed in 842ms
363 http fetch GET 200 https://registry.npmjs.org/postcss-dir-pseudo-class 1041ms (cache revalidated)
364 timing metavuln:packument:postcss-dir-pseudo-class Completed in 1044ms
365 timing metavuln:load:security-advisory:postcss-dir-pseudo-class:ylHlqxOD5gx7vcQurwTZyQHJsodRCM2yV95izcDPSahj+DDa6IEdlDh7BWAlf7fDDEd+NyVQHm50pHmcApHI4w== Completed in 0ms
366 timing metavuln:calculate:security-advisory:postcss-dir-pseudo-class:ylHlqxOD5gx7vcQurwTZyQHJsodRCM2yV95izcDPSahj+DDa6IEdlDh7BWAlf7fDDEd+NyVQHm50pHmcApHI4w== Completed in 1046ms
367 http fetch GET 200 https://registry.npmjs.org/postcss-modules-extract-imports 1027ms (cache revalidated)
368 timing metavuln:packument:postcss-modules-extract-imports Completed in 1032ms
369 timing metavuln:load:security-advisory:postcss-modules-extract-imports:ylHlqxOD5gx7vcQurwTZyQHJsodRCM2yV95izcDPSahj+DDa6IEdlDh7BWAlf7fDDEd+NyVQHm50pHmcApHI4w== Completed in 0ms
370 timing metavuln:calculate:security-advisory:postcss-modules-extract-imports:ylHlqxOD5gx7vcQurwTZyQHJsodRCM2yV95izcDPSahj+DDa6IEdlDh7BWAlf7fDDEd+NyVQHm50pHmcApHI4w== Completed in 1038ms
371 http fetch GET 200 https://registry.npmjs.org/postcss-media-minmax 1062ms (cache revalidated)
372 timing metavuln:packument:postcss-media-minmax Completed in 1071ms
373 timing metavuln:load:security-advisory:postcss-media-minmax:ylHlqxOD5gx7vcQurwTZyQHJsodRCM2yV95izcDPSahj+DDa6IEdlDh7BWAlf7fDDEd+NyVQHm50pHmcApHI4w== Completed in 1ms
374 timing metavuln:calculate:security-advisory:postcss-media-minmax:ylHlqxOD5gx7vcQurwTZyQHJsodRCM2yV95izcDPSahj+DDa6IEdlDh7BWAlf7fDDEd+NyVQHm50pHmcApHI4w== Completed in 1072ms
375 http fetch GET 200 https://registry.npmjs.org/postcss-nesting 1021ms (cache revalidated)
376 timing metavuln:packument:postcss-nesting Completed in 1030ms
377 timing metavuln:load:security-advisory:postcss-nesting:ylHlqxOD5gx7vcQurwTZyQHJsodRCM2yV95izcDPSahj+DDa6IEdlDh7BWAlf7fDDEd+NyVQHm50pHmcApHI4w== Completed in 0ms
378 timing metavuln:calculate:security-advisory:postcss-nesting:ylHlqxOD5gx7vcQurwTZyQHJsodRCM2yV95izcDPSahj+DDa6IEdlDh7BWAlf7fDDEd+NyVQHm50pHmcApHI4w== Completed in 1032ms
379 http fetch GET 200 https://registry.npmjs.org/postcss-modules-values 1047ms (cache revalidated)
380 timing metavuln:packument:postcss-modules-values Completed in 1061ms
381 timing metavuln:load:security-advisory:postcss-modules-values:ylHlqxOD5gx7vcQurwTZyQHJsodRCM2yV95izcDPSahj+DDa6IEdlDh7BWAlf7fDDEd+NyVQHm50pHmcApHI4w== Completed in 0ms
382 timing metavuln:calculate:security-advisory:postcss-modules-values:ylHlqxOD5gx7vcQurwTZyQHJsodRCM2yV95izcDPSahj+DDa6IEdlDh7BWAlf7fDDEd+NyVQHm50pHmcApHI4w== Completed in 1079ms
383 http fetch GET 200 https://registry.npmjs.org/postcss-double-position-gradients 1212ms (cache revalidated)
384 timing metavuln:packument:postcss-double-position-gradients Completed in 1216ms
385 timing metavuln:load:security-advisory:postcss-double-position-gradients:ylHlqxOD5gx7vcQurwTZyQHJsodRCM2yV95izcDPSahj+DDa6IEdlDh7BWAlf7fDDEd+NyVQHm50pHmcApHI4w== Completed in 0ms
386 timing metavuln:calculate:security-advisory:postcss-double-position-gradients:ylHlqxOD5gx7vcQurwTZyQHJsodRCM2yV95izcDPSahj+DDa6IEdlDh7BWAlf7fDDEd+NyVQHm50pHmcApHI4w== Completed in 1220ms
387 timing auditReport:init Completed in 2184ms
388 timing reify:audit Completed in 3133ms
389 timing reify Completed in 4808ms
390 silly ADD
391 silly ADD
392 silly ADD
393 silly ADD
394 silly ADD
395 silly ADD
396 silly ADD
397 silly ADD
398 silly ADD
399 silly ADD
400 silly ADD
401 silly ADD
402 silly ADD node_modules/esbuild-linux-64
403 silly ADD
404 silly ADD
405 silly ADD
406 silly ADD
407 silly ADD
408 silly REMOVE node_modules/__ngcc_entry_points__.json
409 timing command:install Completed in 5093ms
410 verbose exit 0
411 timing npm Completed in 5512ms
412 info ok
